<?xml version="1.0" encoding="UTF-8" standalone="no"?>
<!DOCTYPE report PUBLIC "-//JACOCO//DTD Report 1.1//EN" "report.dtd"[]>
<report name="Pester (11/27/2025 03:16:57)">
  <sessioninfo id="this" start="1764213402589" dump="1764213417452" />
  <package name="Modules/PSmm.Logging/Public">
    <class name="Modules/PSmm.Logging/Public/Set-LogContext" sourcefilename="PSmm.Logging/Public/Set-LogContext.ps1">
      <method name="&lt;script&gt;" desc="()" line="25">
        <counter type="INSTRUCTION" missed="0" covered="1" />
        <counter type="LINE" missed="0" covered="1" />
        <counter type="METHOD" missed="0" covered="1" />
      </method>
      <method name="Set-LogContext" desc="()" line="37">
        <counter type="INSTRUCTION" missed="0" covered="4" />
        <counter type="LINE" missed="0" covered="3" />
        <counter type="METHOD" missed="0" covered="1" />
      </method>
      <counter type="INSTRUCTION" missed="0" covered="5" />
      <counter type="LINE" missed="0" covered="4" />
      <counter type="METHOD" missed="0" covered="2" />
      <counter type="CLASS" missed="0" covered="1" />
    </class>
    <class name="Modules/PSmm.Logging/Public/Write-PSmmLog" sourcefilename="PSmm.Logging/Public/Write-PSmmLog.ps1">
      <method name="&lt;script&gt;" desc="()" line="48">
        <counter type="INSTRUCTION" missed="0" covered="1" />
        <counter type="LINE" missed="0" covered="1" />
        <counter type="METHOD" missed="0" covered="1" />
      </method>
      <method name="Write-PSmmLog" desc="()" line="81">
        <counter type="INSTRUCTION" missed="0" covered="28" />
        <counter type="LINE" missed="0" covered="19" />
        <counter type="METHOD" missed="0" covered="1" />
      </method>
      <counter type="INSTRUCTION" missed="0" covered="29" />
      <counter type="LINE" missed="0" covered="20" />
      <counter type="METHOD" missed="0" covered="2" />
      <counter type="CLASS" missed="0" covered="1" />
    </class>
    <sourcefile name="PSmm.Logging/Public/Set-LogContext.ps1">
      <line nr="25" mi="0" ci="1" mb="0" cb="0" />
      <line nr="37" mi="0" ci="1" mb="0" cb="0" />
      <line nr="38" mi="0" ci="1" mb="0" cb="0" />
      <line nr="39" mi="0" ci="2" mb="0" cb="0" />
      <counter type="INSTRUCTION" missed="0" covered="5" />
      <counter type="LINE" missed="0" covered="4" />
      <counter type="METHOD" missed="0" covered="2" />
      <counter type="CLASS" missed="0" covered="1" />
    </sourcefile>
    <sourcefile name="PSmm.Logging/Public/Write-PSmmLog.ps1">
      <line nr="48" mi="0" ci="1" mb="0" cb="0" />
      <line nr="81" mi="0" ci="2" mb="0" cb="0" />
      <line nr="83" mi="0" ci="3" mb="0" cb="0" />
      <line nr="87" mi="0" ci="1" mb="0" cb="0" />
      <line nr="88" mi="0" ci="2" mb="0" cb="0" />
      <line nr="92" mi="0" ci="2" mb="0" cb="0" />
      <line nr="93" mi="0" ci="1" mb="0" cb="0" />
      <line nr="95" mi="0" ci="2" mb="0" cb="0" />
      <line nr="96" mi="0" ci="1" mb="0" cb="0" />
      <line nr="100" mi="0" ci="1" mb="0" cb="0" />
      <line nr="101" mi="0" ci="1" mb="0" cb="0" />
      <line nr="105" mi="0" ci="3" mb="0" cb="0" />
      <line nr="106" mi="0" ci="1" mb="0" cb="0" />
      <line nr="109" mi="0" ci="2" mb="0" cb="0" />
      <line nr="110" mi="0" ci="1" mb="0" cb="0" />
      <line nr="112" mi="0" ci="1" mb="0" cb="0" />
      <line nr="115" mi="0" ci="1" mb="0" cb="0" />
      <line nr="116" mi="0" ci="1" mb="0" cb="0" />
      <line nr="117" mi="0" ci="1" mb="0" cb="0" />
      <line nr="122" mi="0" ci="1" mb="0" cb="0" />
      <counter type="INSTRUCTION" missed="0" covered="29" />
      <counter type="LINE" missed="0" covered="20" />
      <counter type="METHOD" missed="0" covered="2" />
      <counter type="CLASS" missed="0" covered="1" />
    </sourcefile>
    <counter type="INSTRUCTION" missed="0" covered="34" />
    <counter type="LINE" missed="0" covered="24" />
    <counter type="METHOD" missed="0" covered="4" />
    <counter type="CLASS" missed="0" covered="2" />
  </package>
  <package name="Modules/PSmm.Plugins/Public">
    <class name="Modules/PSmm.Plugins/Public/Get-PSmmAvailablePort" sourcefilename="PSmm.Plugins/Public/Get-PSmmAvailablePort.ps1">
      <method name="&lt;script&gt;" desc="()" line="2">
        <counter type="INSTRUCTION" missed="0" covered="1" />
        <counter type="LINE" missed="0" covered="1" />
        <counter type="METHOD" missed="0" covered="1" />
      </method>
      <method name="Get-PSmmAvailablePort" desc="()" line="65">
        <counter type="INSTRUCTION" missed="1" covered="35" />
        <counter type="LINE" missed="1" covered="31" />
        <counter type="METHOD" missed="0" covered="1" />
      </method>
      <counter type="INSTRUCTION" missed="1" covered="36" />
      <counter type="LINE" missed="1" covered="32" />
      <counter type="METHOD" missed="0" covered="2" />
      <counter type="CLASS" missed="0" covered="1" />
    </class>
    <class name="Modules/PSmm.Plugins/Public/Get-PSmmProjectPorts" sourcefilename="PSmm.Plugins/Public/Get-PSmmProjectPorts.ps1">
      <method name="&lt;script&gt;" desc="()" line="2">
        <counter type="INSTRUCTION" missed="0" covered="1" />
        <counter type="LINE" missed="0" covered="1" />
        <counter type="METHOD" missed="0" covered="1" />
      </method>
      <method name="Get-PSmmProjectPorts" desc="()" line="61">
        <counter type="INSTRUCTION" missed="6" covered="51" />
        <counter type="LINE" missed="3" covered="37" />
        <counter type="METHOD" missed="0" covered="1" />
      </method>
      <counter type="INSTRUCTION" missed="6" covered="52" />
      <counter type="LINE" missed="3" covered="38" />
      <counter type="METHOD" missed="0" covered="2" />
      <counter type="CLASS" missed="0" covered="1" />
    </class>
    <class name="Modules/PSmm.Plugins/Public/Initialize-PSmmProjectDigiKamConfig" sourcefilename="PSmm.Plugins/Public/Initialize-PSmmProjectDigiKamConfig.ps1">
      <method name="&lt;script&gt;" desc="()" line="2">
        <counter type="INSTRUCTION" missed="0" covered="1" />
        <counter type="LINE" missed="0" covered="1" />
        <counter type="METHOD" missed="0" covered="1" />
      </method>
      <method name="Initialize-PSmmProjectDigiKamConfig" desc="()" line="68">
        <counter type="INSTRUCTION" missed="2" covered="83" />
        <counter type="LINE" missed="2" covered="68" />
        <counter type="METHOD" missed="0" covered="1" />
      </method>
      <counter type="INSTRUCTION" missed="2" covered="84" />
      <counter type="LINE" missed="2" covered="69" />
      <counter type="METHOD" missed="0" covered="2" />
      <counter type="CLASS" missed="0" covered="1" />
    </class>
    <class name="Modules/PSmm.Plugins/Public/Start-PSmmdigiKam" sourcefilename="PSmm.Plugins/Public/Start-PSmmdigiKam.ps1">
      <method name="&lt;script&gt;" desc="()" line="2">
        <counter type="INSTRUCTION" missed="0" covered="1" />
        <counter type="LINE" missed="0" covered="1" />
        <counter type="METHOD" missed="0" covered="1" />
      </method>
      <method name="Start-PSmmdigiKam" desc="()" line="67">
        <counter type="INSTRUCTION" missed="6" covered="55" />
        <counter type="LINE" missed="6" covered="48" />
        <counter type="METHOD" missed="0" covered="1" />
      </method>
      <counter type="INSTRUCTION" missed="6" covered="56" />
      <counter type="LINE" missed="6" covered="49" />
      <counter type="METHOD" missed="0" covered="2" />
      <counter type="CLASS" missed="0" covered="1" />
    </class>
    <class name="Modules/PSmm.Plugins/Public/Stop-PSmmdigiKam" sourcefilename="PSmm.Plugins/Public/Stop-PSmmdigiKam.ps1">
      <method name="&lt;script&gt;" desc="()" line="2">
        <counter type="INSTRUCTION" missed="0" covered="1" />
        <counter type="LINE" missed="0" covered="1" />
        <counter type="METHOD" missed="0" covered="1" />
      </method>
      <method name="Stop-PSmmdigiKam" desc="()" line="48">
        <counter type="INSTRUCTION" missed="14" covered="57" />
        <counter type="LINE" missed="8" covered="54" />
        <counter type="METHOD" missed="0" covered="1" />
      </method>
      <counter type="INSTRUCTION" missed="14" covered="58" />
      <counter type="LINE" missed="8" covered="55" />
      <counter type="METHOD" missed="0" covered="2" />
      <counter type="CLASS" missed="0" covered="1" />
    </class>
    <sourcefile name="PSmm.Plugins/Public/Get-PSmmAvailablePort.ps1">
      <line nr="2" mi="0" ci="1" mb="0" cb="0" />
      <line nr="65" mi="0" ci="1" mb="0" cb="0" />
      <line nr="66" mi="0" ci="1" mb="0" cb="0" />
      <line nr="69" mi="0" ci="1" mb="0" cb="0" />
      <line nr="70" mi="0" ci="1" mb="0" cb="0" />
      <line nr="71" mi="0" ci="2" mb="0" cb="0" />
      <line nr="73" mi="0" ci="1" mb="0" cb="0" />
      <line nr="79" mi="0" ci="1" mb="0" cb="0" />
      <line nr="80" mi="0" ci="1" mb="0" cb="0" />
      <line nr="81" mi="0" ci="1" mb="0" cb="0" />
      <line nr="85" mi="0" ci="1" mb="0" cb="0" />
      <line nr="86" mi="0" ci="1" mb="0" cb="0" />
      <line nr="87" mi="0" ci="1" mb="0" cb="0" />
      <line nr="88" mi="0" ci="1" mb="0" cb="0" />
      <line nr="90" mi="0" ci="1" mb="0" cb="0" />
      <line nr="94" mi="0" ci="2" mb="0" cb="0" />
      <line nr="97" mi="0" ci="1" mb="0" cb="0" />
      <line nr="98" mi="0" ci="1" mb="0" cb="0" />
      <line nr="99" mi="0" ci="1" mb="0" cb="0" />
      <line nr="101" mi="0" ci="1" mb="0" cb="0" />
      <line nr="102" mi="0" ci="1" mb="0" cb="0" />
      <line nr="106" mi="0" ci="1" mb="0" cb="0" />
      <line nr="110" mi="0" ci="1" mb="0" cb="0" />
      <line nr="111" mi="0" ci="1" mb="0" cb="0" />
      <line nr="115" mi="0" ci="1" mb="0" cb="0" />
      <line nr="117" mi="0" ci="1" mb="0" cb="0" />
      <line nr="118" mi="0" ci="1" mb="0" cb="0" />
      <line nr="121" mi="0" ci="1" mb="0" cb="0" />
      <line nr="124" mi="0" ci="1" mb="0" cb="0" />
      <line nr="125" mi="0" ci="3" mb="0" cb="0" />
      <line nr="128" mi="1" ci="0" mb="0" cb="0" />
      <line nr="131" mi="0" ci="1" mb="0" cb="0" />
      <line nr="138" mi="0" ci="1" mb="0" cb="0" />
      <counter type="INSTRUCTION" missed="1" covered="36" />
      <counter type="LINE" missed="1" covered="32" />
      <counter type="METHOD" missed="0" covered="2" />
      <counter type="CLASS" missed="0" covered="1" />
    </sourcefile>
    <sourcefile name="PSmm.Plugins/Public/Get-PSmmProjectPorts.ps1">
      <line nr="2" mi="0" ci="1" mb="0" cb="0" />
      <line nr="61" mi="0" ci="1" mb="0" cb="0" />
      <line nr="62" mi="0" ci="1" mb="0" cb="0" />
      <line nr="64" mi="0" ci="1" mb="0" cb="0" />
      <line nr="69" mi="0" ci="1" mb="0" cb="0" />
      <line nr="72" mi="0" ci="1" mb="0" cb="0" />
      <line nr="75" mi="0" ci="1" mb="0" cb="0" />
      <line nr="76" mi="0" ci="1" mb="0" cb="0" />
      <line nr="80" mi="0" ci="2" mb="0" cb="0" />
      <line nr="81" mi="0" ci="1" mb="0" cb="0" />
      <line nr="83" mi="0" ci="1" mb="0" cb="0" />
      <line nr="84" mi="0" ci="1" mb="0" cb="0" />
      <line nr="85" mi="0" ci="1" mb="0" cb="0" />
      <line nr="86" mi="0" ci="1" mb="0" cb="0" />
      <line nr="90" mi="0" ci="1" mb="0" cb="0" />
      <line nr="92" mi="0" ci="2" mb="0" cb="0" />
      <line nr="93" mi="0" ci="1" mb="0" cb="0" />
      <line nr="94" mi="0" ci="1" mb="0" cb="0" />
      <line nr="95" mi="0" ci="2" mb="0" cb="0" />
      <line nr="96" mi="0" ci="2" mb="0" cb="0" />
      <line nr="97" mi="0" ci="2" mb="0" cb="0" />
      <line nr="100" mi="2" ci="0" mb="0" cb="0" />
      <line nr="101" mi="2" ci="0" mb="0" cb="0" />
      <line nr="102" mi="2" ci="0" mb="0" cb="0" />
      <line nr="106" mi="0" ci="2" mb="0" cb="0" />
      <line nr="107" mi="0" ci="2" mb="0" cb="0" />
      <line nr="108" mi="0" ci="2" mb="0" cb="0" />
      <line nr="109" mi="0" ci="1" mb="0" cb="0" />
      <line nr="113" mi="0" ci="1" mb="0" cb="0" />
      <line nr="117" mi="0" ci="2" mb="0" cb="0" />
      <line nr="118" mi="0" ci="1" mb="0" cb="0" />
      <line nr="120" mi="0" ci="1" mb="0" cb="0" />
      <line nr="121" mi="0" ci="4" mb="0" cb="0" />
      <line nr="122" mi="0" ci="1" mb="0" cb="0" />
      <line nr="126" mi="0" ci="1" mb="0" cb="0" />
      <line nr="130" mi="0" ci="1" mb="0" cb="0" />
      <line nr="133" mi="0" ci="1" mb="0" cb="0" />
      <line nr="134" mi="0" ci="3" mb="0" cb="0" />
      <line nr="137" mi="0" ci="1" mb="0" cb="0" />
      <line nr="140" mi="0" ci="1" mb="0" cb="0" />
      <line nr="147" mi="0" ci="1" mb="0" cb="0" />
      <counter type="INSTRUCTION" missed="6" covered="52" />
      <counter type="LINE" missed="3" covered="38" />
      <counter type="METHOD" missed="0" covered="2" />
      <counter type="CLASS" missed="0" covered="1" />
    </sourcefile>
    <sourcefile name="PSmm.Plugins/Public/Initialize-PSmmProjectDigiKamConfig.ps1">
      <line nr="2" mi="0" ci="1" mb="0" cb="0" />
      <line nr="68" mi="0" ci="1" mb="0" cb="0" />
      <line nr="69" mi="0" ci="1" mb="0" cb="0" />
      <line nr="71" mi="0" ci="1" mb="0" cb="0" />
      <line nr="77" mi="0" ci="1" mb="0" cb="0" />
      <line nr="78" mi="0" ci="1" mb="0" cb="0" />
      <line nr="79" mi="0" ci="1" mb="0" cb="0" />
      <line nr="83" mi="0" ci="1" mb="0" cb="0" />
      <line nr="84" mi="0" ci="1" mb="0" cb="0" />
      <line nr="88" mi="0" ci="1" mb="0" cb="0" />
      <line nr="93" mi="0" ci="1" mb="0" cb="0" />
      <line nr="96" mi="0" ci="2" mb="0" cb="0" />
      <line nr="97" mi="1" ci="0" mb="0" cb="0" />
      <line nr="101" mi="0" ci="1" mb="0" cb="0" />
      <line nr="102" mi="0" ci="1" mb="0" cb="0" />
      <line nr="103" mi="0" ci="1" mb="0" cb="0" />
      <line nr="104" mi="0" ci="1" mb="0" cb="0" />
      <line nr="107" mi="0" ci="2" mb="0" cb="0" />
      <line nr="108" mi="0" ci="1" mb="0" cb="0" />
      <line nr="109" mi="0" ci="2" mb="0" cb="0" />
      <line nr="110" mi="0" ci="1" mb="0" cb="0" />
      <line nr="111" mi="0" ci="1" mb="0" cb="0" />
      <line nr="116" mi="0" ci="1" mb="0" cb="0" />
      <line nr="119" mi="0" ci="1" mb="0" cb="0" />
      <line nr="120" mi="0" ci="1" mb="0" cb="0" />
      <line nr="121" mi="0" ci="1" mb="0" cb="0" />
      <line nr="123" mi="0" ci="1" mb="0" cb="0" />
      <line nr="125" mi="0" ci="1" mb="0" cb="0" />
      <line nr="126" mi="0" ci="1" mb="0" cb="0" />
      <line nr="127" mi="0" ci="1" mb="0" cb="0" />
      <line nr="129" mi="0" ci="1" mb="0" cb="0" />
      <line nr="132" mi="0" ci="2" mb="0" cb="0" />
      <line nr="133" mi="0" ci="1" mb="0" cb="0" />
      <line nr="134" mi="0" ci="1" mb="0" cb="0" />
      <line nr="139" mi="0" ci="1" mb="0" cb="0" />
      <line nr="140" mi="0" ci="2" mb="0" cb="0" />
      <line nr="141" mi="0" ci="1" mb="0" cb="0" />
      <line nr="144" mi="0" ci="1" mb="0" cb="0" />
      <line nr="145" mi="0" ci="1" mb="0" cb="0" />
      <line nr="148" mi="0" ci="1" mb="0" cb="0" />
      <line nr="149" mi="0" ci="2" mb="0" cb="0" />
      <line nr="150" mi="0" ci="1" mb="0" cb="0" />
      <line nr="151" mi="0" ci="2" mb="0" cb="0" />
      <line nr="152" mi="0" ci="2" mb="0" cb="0" />
      <line nr="153" mi="0" ci="2" mb="0" cb="0" />
      <line nr="156" mi="0" ci="1" mb="0" cb="0" />
      <line nr="157" mi="0" ci="2" mb="0" cb="0" />
      <line nr="159" mi="0" ci="1" mb="0" cb="0" />
      <line nr="164" mi="0" ci="1" mb="0" cb="0" />
      <line nr="165" mi="0" ci="1" mb="0" cb="0" />
      <line nr="167" mi="0" ci="4" mb="0" cb="0" />
      <line nr="168" mi="0" ci="1" mb="0" cb="0" />
      <line nr="169" mi="0" ci="1" mb="0" cb="0" />
      <line nr="173" mi="0" ci="1" mb="0" cb="0" />
      <line nr="174" mi="0" ci="1" mb="0" cb="0" />
      <line nr="175" mi="0" ci="1" mb="0" cb="0" />
      <line nr="176" mi="0" ci="1" mb="0" cb="0" />
      <line nr="177" mi="0" ci="1" mb="0" cb="0" />
      <line nr="178" mi="0" ci="1" mb="0" cb="0" />
      <line nr="179" mi="0" ci="1" mb="0" cb="0" />
      <line nr="180" mi="0" ci="1" mb="0" cb="0" />
      <line nr="181" mi="0" ci="1" mb="0" cb="0" />
      <line nr="182" mi="0" ci="1" mb="0" cb="0" />
      <line nr="183" mi="0" ci="1" mb="0" cb="0" />
      <line nr="186" mi="0" ci="1" mb="0" cb="0" />
      <line nr="187" mi="0" ci="1" mb="0" cb="0" />
      <line nr="190" mi="0" ci="1" mb="0" cb="0" />
      <line nr="191" mi="0" ci="3" mb="0" cb="0" />
      <line nr="194" mi="1" ci="0" mb="0" cb="0" />
      <line nr="197" mi="0" ci="1" mb="0" cb="0" />
      <line nr="204" mi="0" ci="1" mb="0" cb="0" />
      <counter type="INSTRUCTION" missed="2" covered="84" />
      <counter type="LINE" missed="2" covered="69" />
      <counter type="METHOD" missed="0" covered="2" />
      <counter type="CLASS" missed="0" covered="1" />
    </sourcefile>
    <sourcefile name="PSmm.Plugins/Public/Start-PSmmdigiKam.ps1">
      <line nr="2" mi="0" ci="1" mb="0" cb="0" />
      <line nr="67" mi="0" ci="1" mb="0" cb="0" />
      <line nr="68" mi="0" ci="1" mb="0" cb="0" />
      <line nr="71" mi="0" ci="1" mb="0" cb="0" />
      <line nr="73" mi="0" ci="1" mb="0" cb="0" />
      <line nr="75" mi="1" ci="0" mb="0" cb="0" />
      <line nr="78" mi="0" ci="1" mb="0" cb="0" />
      <line nr="84" mi="0" ci="1" mb="0" cb="0" />
      <line nr="85" mi="0" ci="1" mb="0" cb="0" />
      <line nr="86" mi="0" ci="1" mb="0" cb="0" />
      <line nr="87" mi="0" ci="1" mb="0" cb="0" />
      <line nr="92" mi="0" ci="1" mb="0" cb="0" />
      <line nr="93" mi="1" ci="0" mb="0" cb="0" />
      <line nr="97" mi="0" ci="1" mb="0" cb="0" />
      <line nr="98" mi="0" ci="1" mb="0" cb="0" />
      <line nr="101" mi="0" ci="1" mb="0" cb="0" />
      <line nr="102" mi="0" ci="1" mb="0" cb="0" />
      <line nr="105" mi="0" ci="1" mb="0" cb="0" />
      <line nr="106" mi="0" ci="1" mb="0" cb="0" />
      <line nr="107" mi="0" ci="1" mb="0" cb="0" />
      <line nr="110" mi="0" ci="1" mb="0" cb="0" />
      <line nr="112" mi="0" ci="2" mb="0" cb="0" />
      <line nr="113" mi="1" ci="0" mb="0" cb="0" />
      <line nr="117" mi="0" ci="2" mb="0" cb="0" />
      <line nr="118" mi="1" ci="0" mb="0" cb="0" />
      <line nr="121" mi="0" ci="1" mb="0" cb="0" />
      <line nr="122" mi="0" ci="1" mb="0" cb="0" />
      <line nr="123" mi="0" ci="1" mb="0" cb="0" />
      <line nr="124" mi="0" ci="1" mb="0" cb="0" />
      <line nr="127" mi="0" ci="1" mb="0" cb="0" />
      <line nr="130" mi="0" ci="1" mb="0" cb="0" />
      <line nr="132" mi="0" ci="1" mb="0" cb="0" />
      <line nr="133" mi="0" ci="1" mb="0" cb="0" />
      <line nr="134" mi="0" ci="1" mb="0" cb="0" />
      <line nr="135" mi="0" ci="1" mb="0" cb="0" />
      <line nr="138" mi="0" ci="1" mb="0" cb="0" />
      <line nr="140" mi="0" ci="1" mb="0" cb="0" />
      <line nr="141" mi="1" ci="0" mb="0" cb="0" />
      <line nr="144" mi="0" ci="2" mb="0" cb="0" />
      <line nr="147" mi="0" ci="1" mb="0" cb="0" />
      <line nr="148" mi="0" ci="1" mb="0" cb="0" />
      <line nr="149" mi="0" ci="1" mb="0" cb="0" />
      <line nr="150" mi="0" ci="1" mb="0" cb="0" />
      <line nr="151" mi="0" ci="1" mb="0" cb="0" />
      <line nr="152" mi="0" ci="1" mb="0" cb="0" />
      <line nr="153" mi="0" ci="1" mb="0" cb="0" />
      <line nr="154" mi="0" ci="1" mb="0" cb="0" />
      <line nr="155" mi="0" ci="2" mb="0" cb="0" />
      <line nr="156" mi="0" ci="1" mb="0" cb="0" />
      <line nr="158" mi="0" ci="2" mb="0" cb="0" />
      <line nr="161" mi="0" ci="1" mb="0" cb="0" />
      <line nr="162" mi="0" ci="3" mb="0" cb="0" />
      <line nr="165" mi="1" ci="0" mb="0" cb="0" />
      <line nr="168" mi="0" ci="1" mb="0" cb="0" />
      <line nr="174" mi="0" ci="1" mb="0" cb="0" />
      <counter type="INSTRUCTION" missed="6" covered="56" />
      <counter type="LINE" missed="6" covered="49" />
      <counter type="METHOD" missed="0" covered="2" />
      <counter type="CLASS" missed="0" covered="1" />
    </sourcefile>
    <sourcefile name="PSmm.Plugins/Public/Stop-PSmmdigiKam.ps1">
      <line nr="2" mi="0" ci="1" mb="0" cb="0" />
      <line nr="48" mi="0" ci="1" mb="0" cb="0" />
      <line nr="49" mi="0" ci="1" mb="0" cb="0" />
      <line nr="52" mi="0" ci="1" mb="0" cb="0" />
      <line nr="54" mi="0" ci="1" mb="0" cb="0" />
      <line nr="56" mi="1" ci="0" mb="0" cb="0" />
      <line nr="59" mi="0" ci="1" mb="0" cb="0" />
      <line nr="65" mi="0" ci="1" mb="0" cb="0" />
      <line nr="66" mi="1" ci="0" mb="0" cb="0" />
      <line nr="70" mi="0" ci="1" mb="0" cb="0" />
      <line nr="71" mi="0" ci="1" mb="0" cb="0" />
      <line nr="74" mi="0" ci="1" mb="0" cb="0" />
      <line nr="75" mi="0" ci="1" mb="0" cb="0" />
      <line nr="79" mi="0" ci="1" mb="0" cb="0" />
      <line nr="82" mi="0" ci="1" mb="0" cb="0" />
      <line nr="86" mi="0" ci="1" mb="0" cb="0" />
      <line nr="87" mi="0" ci="1" mb="0" cb="0" />
      <line nr="90" mi="0" ci="1" mb="0" cb="0" />
      <line nr="91" mi="0" ci="1" mb="0" cb="0" />
      <line nr="93" mi="0" ci="1" mb="0" cb="0" />
      <line nr="94" mi="0" ci="1" mb="0" cb="0" />
      <line nr="97" mi="0" ci="1" mb="0" cb="0" />
      <line nr="100" mi="0" ci="1" mb="0" cb="0" />
      <line nr="103" mi="0" ci="1" mb="0" cb="0" />
      <line nr="104" mi="0" ci="1" mb="0" cb="0" />
      <line nr="106" mi="0" ci="1" mb="0" cb="0" />
      <line nr="109" mi="0" ci="1" mb="0" cb="0" />
      <line nr="110" mi="0" ci="1" mb="0" cb="0" />
      <line nr="111" mi="0" ci="1" mb="0" cb="0" />
      <line nr="116" mi="2" ci="0" mb="0" cb="0" />
      <line nr="120" mi="0" ci="1" mb="0" cb="0" />
      <line nr="121" mi="0" ci="1" mb="0" cb="0" />
      <line nr="123" mi="0" ci="2" mb="0" cb="0" />
      <line nr="124" mi="0" ci="1" mb="0" cb="0" />
      <line nr="125" mi="0" ci="1" mb="0" cb="0" />
      <line nr="128" mi="2" ci="0" mb="0" cb="0" />
      <line nr="133" mi="0" ci="1" mb="0" cb="0" />
      <line nr="137" mi="0" ci="1" mb="0" cb="0" />
      <line nr="138" mi="0" ci="1" mb="0" cb="0" />
      <line nr="141" mi="0" ci="1" mb="0" cb="0" />
      <line nr="142" mi="0" ci="1" mb="0" cb="0" />
      <line nr="144" mi="0" ci="1" mb="0" cb="0" />
      <line nr="146" mi="0" ci="1" mb="0" cb="0" />
      <line nr="147" mi="0" ci="2" mb="0" cb="0" />
      <line nr="148" mi="0" ci="1" mb="0" cb="0" />
      <line nr="152" mi="2" ci="0" mb="0" cb="0" />
      <line nr="156" mi="0" ci="1" mb="0" cb="0" />
      <line nr="157" mi="0" ci="1" mb="0" cb="0" />
      <line nr="159" mi="0" ci="2" mb="0" cb="0" />
      <line nr="160" mi="0" ci="1" mb="0" cb="0" />
      <line nr="161" mi="0" ci="1" mb="0" cb="0" />
      <line nr="164" mi="2" ci="0" mb="0" cb="0" />
      <line nr="169" mi="1" ci="0" mb="0" cb="0" />
      <line nr="173" mi="0" ci="1" mb="0" cb="0" />
      <line nr="176" mi="0" ci="1" mb="0" cb="0" />
      <line nr="177" mi="0" ci="1" mb="0" cb="0" />
      <line nr="180" mi="0" ci="1" mb="0" cb="0" />
      <line nr="183" mi="0" ci="1" mb="0" cb="0" />
      <line nr="186" mi="0" ci="1" mb="0" cb="0" />
      <line nr="187" mi="3" ci="0" mb="0" cb="0" />
      <line nr="190" mi="0" ci="1" mb="0" cb="0" />
      <line nr="193" mi="0" ci="1" mb="0" cb="0" />
      <line nr="199" mi="0" ci="1" mb="0" cb="0" />
      <counter type="INSTRUCTION" missed="14" covered="58" />
      <counter type="LINE" missed="8" covered="55" />
      <counter type="METHOD" missed="0" covered="2" />
      <counter type="CLASS" missed="0" covered="1" />
    </sourcefile>
    <counter type="INSTRUCTION" missed="29" covered="286" />
    <counter type="LINE" missed="20" covered="243" />
    <counter type="METHOD" missed="0" covered="10" />
    <counter type="CLASS" missed="0" covered="5" />
  </package>
  <package name="Modules/PSmm.Projects/Public">
    <class name="Modules/PSmm.Projects/Public/Clear-PSmmProjectRegistry" sourcefilename="PSmm.Projects/Public/Clear-PSmmProjectRegistry.ps1">
      <method name="&lt;script&gt;" desc="()" line="25">
        <counter type="INSTRUCTION" missed="0" covered="1" />
        <counter type="LINE" missed="0" covered="1" />
        <counter type="METHOD" missed="0" covered="1" />
      </method>
      <method name="Clear-PSmmProjectRegistry" desc="()" line="36">
        <counter type="INSTRUCTION" missed="1" covered="10" />
        <counter type="LINE" missed="1" covered="10" />
        <counter type="METHOD" missed="0" covered="1" />
      </method>
      <counter type="INSTRUCTION" missed="1" covered="11" />
      <counter type="LINE" missed="1" covered="11" />
      <counter type="METHOD" missed="0" covered="2" />
      <counter type="CLASS" missed="0" covered="1" />
    </class>
    <class name="Modules/PSmm.Projects/Public/Get-PSmmProjects" sourcefilename="PSmm.Projects/Public/Get-PSmmProjects.ps1">
      <method name="&lt;script&gt;" desc="()" line="2">
        <counter type="INSTRUCTION" missed="0" covered="1" />
        <counter type="LINE" missed="0" covered="1" />
        <counter type="METHOD" missed="0" covered="1" />
      </method>
      <method name="Get-PSmmProjects" desc="()" line="64">
        <counter type="INSTRUCTION" missed="33" covered="173" />
        <counter type="LINE" missed="16" covered="128" />
        <counter type="METHOD" missed="0" covered="1" />
      </method>
      <method name="Convert-ProjectsToDriveRegistry" desc="()" line="305">
        <counter type="INSTRUCTION" missed="14" covered="64" />
        <counter type="LINE" missed="0" covered="25" />
        <counter type="METHOD" missed="0" covered="1" />
      </method>
      <method name="Get-FlattenedProjectsFromByLabel" desc="()" line="339">
        <counter type="INSTRUCTION" missed="4" covered="23" />
        <counter type="LINE" missed="0" covered="13" />
        <counter type="METHOD" missed="0" covered="1" />
      </method>
      <method name="Get-FlattenedProjectsFromRegistrySide" desc="()" line="359">
        <counter type="INSTRUCTION" missed="23" covered="5" />
        <counter type="LINE" missed="11" covered="3" />
        <counter type="METHOD" missed="0" covered="1" />
      </method>
      <method name="Get-ProjectsFromDrive" desc="()" line="483">
        <counter type="INSTRUCTION" missed="71" covered="159" />
        <counter type="LINE" missed="31" covered="106" />
        <counter type="METHOD" missed="0" covered="1" />
      </method>
      <method name="Test-DriveRootPath" desc="()" line="724">
        <counter type="INSTRUCTION" missed="2" covered="17" />
        <counter type="LINE" missed="2" covered="16" />
        <counter type="METHOD" missed="0" covered="1" />
      </method>
      <method name="Initialize-GlobalProject" desc="()" line="794">
        <counter type="INSTRUCTION" missed="3" covered="17" />
        <counter type="LINE" missed="3" covered="16" />
        <counter type="METHOD" missed="0" covered="1" />
      </method>
      <counter type="INSTRUCTION" missed="150" covered="459" />
      <counter type="LINE" missed="63" covered="308" />
      <counter type="METHOD" missed="0" covered="8" />
      <counter type="CLASS" missed="0" covered="1" />
    </class>
    <sourcefile name="PSmm.Projects/Public/Clear-PSmmProjectRegistry.ps1">
      <line nr="25" mi="0" ci="1" mb="0" cb="0" />
      <line nr="36" mi="0" ci="1" mb="0" cb="0" />
      <line nr="37" mi="0" ci="1" mb="0" cb="0" />
      <line nr="40" mi="0" ci="1" mb="0" cb="0" />
      <line nr="41" mi="0" ci="1" mb="0" cb="0" />
      <line nr="42" mi="0" ci="1" mb="0" cb="0" />
      <line nr="43" mi="0" ci="1" mb="0" cb="0" />
      <line nr="44" mi="0" ci="1" mb="0" cb="0" />
      <line nr="47" mi="0" ci="1" mb="0" cb="0" />
      <line nr="50" mi="0" ci="1" mb="0" cb="0" />
      <line nr="53" mi="0" ci="1" mb="0" cb="0" />
      <line nr="57" mi="1" ci="0" mb="0" cb="0" />
      <counter type="INSTRUCTION" missed="1" covered="11" />
      <counter type="LINE" missed="1" covered="11" />
      <counter type="METHOD" missed="0" covered="2" />
      <counter type="CLASS" missed="0" covered="1" />
    </sourcefile>
    <sourcefile name="PSmm.Projects/Public/Get-PSmmProjects.ps1">
      <line nr="2" mi="0" ci="1" mb="0" cb="0" />
      <line nr="64" mi="0" ci="1" mb="0" cb="0" />
      <line nr="65" mi="1" ci="0" mb="0" cb="0" />
      <line nr="66" mi="1" ci="0" mb="0" cb="0" />
      <line nr="67" mi="1" ci="0" mb="0" cb="0" />
      <line nr="68" mi="1" ci="0" mb="0" cb="0" />
      <line nr="69" mi="1" ci="0" mb="0" cb="0" />
      <line nr="76" mi="0" ci="1" mb="0" cb="0" />
      <line nr="78" mi="1" ci="0" mb="0" cb="0" />
      <line nr="82" mi="1" ci="0" mb="0" cb="0" />
      <line nr="83" mi="1" ci="0" mb="0" cb="0" />
      <line nr="86" mi="0" ci="1" mb="0" cb="0" />
      <line nr="89" mi="0" ci="1" mb="0" cb="0" />
      <line nr="94" mi="0" ci="1" mb="0" cb="0" />
      <line nr="95" mi="0" ci="1" mb="0" cb="0" />
      <line nr="96" mi="0" ci="1" mb="0" cb="0" />
      <line nr="100" mi="0" ci="2" mb="0" cb="0" />
      <line nr="101" mi="0" ci="2" mb="0" cb="0" />
      <line nr="102" mi="0" ci="1" mb="0" cb="0" />
      <line nr="103" mi="0" ci="1" mb="0" cb="0" />
      <line nr="106" mi="0" ci="1" mb="0" cb="0" />
      <line nr="107" mi="0" ci="3" mb="0" cb="0" />
      <line nr="108" mi="0" ci="1" mb="0" cb="0" />
      <line nr="109" mi="0" ci="1" mb="0" cb="0" />
      <line nr="112" mi="0" ci="1" mb="0" cb="0" />
      <line nr="113" mi="0" ci="1" mb="0" cb="0" />
      <line nr="114" mi="0" ci="2" mb="0" cb="0" />
      <line nr="115" mi="0" ci="1" mb="0" cb="0" />
      <line nr="116" mi="0" ci="1" mb="0" cb="0" />
      <line nr="117" mi="2" ci="2" mb="0" cb="0" />
      <line nr="118" mi="0" ci="1" mb="0" cb="0" />
      <line nr="119" mi="1" ci="2" mb="0" cb="0" />
      <line nr="120" mi="0" ci="1" mb="0" cb="0" />
      <line nr="121" mi="0" ci="2" mb="0" cb="0" />
      <line nr="123" mi="0" ci="1" mb="0" cb="0" />
      <line nr="125" mi="0" ci="2" mb="0" cb="0" />
      <line nr="126" mi="0" ci="1" mb="0" cb="0" />
      <line nr="134" mi="0" ci="1" mb="0" cb="0" />
      <line nr="135" mi="0" ci="3" mb="0" cb="0" />
      <line nr="136" mi="0" ci="1" mb="0" cb="0" />
      <line nr="137" mi="0" ci="2" mb="0" cb="0" />
      <line nr="138" mi="0" ci="1" mb="0" cb="0" />
      <line nr="139" mi="0" ci="1" mb="0" cb="0" />
      <line nr="140" mi="2" ci="2" mb="0" cb="0" />
      <line nr="141" mi="0" ci="1" mb="0" cb="0" />
      <line nr="142" mi="1" ci="2" mb="0" cb="0" />
      <line nr="143" mi="0" ci="1" mb="0" cb="0" />
      <line nr="144" mi="0" ci="2" mb="0" cb="0" />
      <line nr="146" mi="0" ci="1" mb="0" cb="0" />
      <line nr="148" mi="2" ci="0" mb="0" cb="0" />
      <line nr="149" mi="1" ci="0" mb="0" cb="0" />
      <line nr="156" mi="0" ci="1" mb="0" cb="0" />
      <line nr="162" mi="0" ci="1" mb="0" cb="0" />
      <line nr="163" mi="0" ci="1" mb="0" cb="0" />
      <line nr="164" mi="0" ci="1" mb="0" cb="0" />
      <line nr="165" mi="0" ci="1" mb="0" cb="0" />
      <line nr="170" mi="0" ci="1" mb="0" cb="0" />
      <line nr="171" mi="0" ci="3" mb="0" cb="0" />
      <line nr="172" mi="0" ci="1" mb="0" cb="0" />
      <line nr="175" mi="0" ci="1" mb="0" cb="0" />
      <line nr="176" mi="0" ci="1" mb="0" cb="0" />
      <line nr="178" mi="0" ci="1" mb="0" cb="0" />
      <line nr="179" mi="0" ci="1" mb="0" cb="0" />
      <line nr="183" mi="0" ci="1" mb="0" cb="0" />
      <line nr="187" mi="1" ci="1" mb="0" cb="0" />
      <line nr="188" mi="2" ci="3" mb="0" cb="0" />
      <line nr="190" mi="0" ci="1" mb="0" cb="0" />
      <line nr="194" mi="0" ci="1" mb="0" cb="0" />
      <line nr="195" mi="0" ci="3" mb="0" cb="0" />
      <line nr="196" mi="0" ci="1" mb="0" cb="0" />
      <line nr="198" mi="0" ci="1" mb="0" cb="0" />
      <line nr="199" mi="0" ci="1" mb="0" cb="0" />
      <line nr="201" mi="1" ci="0" mb="0" cb="0" />
      <line nr="202" mi="1" ci="0" mb="0" cb="0" />
      <line nr="205" mi="1" ci="0" mb="0" cb="0" />
      <line nr="208" mi="1" ci="1" mb="0" cb="0" />
      <line nr="209" mi="2" ci="3" mb="0" cb="0" />
      <line nr="211" mi="0" ci="1" mb="0" cb="0" />
      <line nr="215" mi="0" ci="1" mb="0" cb="0" />
      <line nr="216" mi="0" ci="1" mb="0" cb="0" />
      <line nr="217" mi="0" ci="1" mb="0" cb="0" />
      <line nr="221" mi="0" ci="1" mb="0" cb="0" />
      <line nr="222" mi="0" ci="1" mb="0" cb="0" />
      <line nr="226" mi="0" ci="1" mb="0" cb="0" />
      <line nr="227" mi="0" ci="1" mb="0" cb="0" />
      <line nr="228" mi="0" ci="1" mb="0" cb="0" />
      <line nr="232" mi="1" ci="0" mb="0" cb="0" />
      <line nr="233" mi="1" ci="0" mb="0" cb="0" />
      <line nr="237" mi="0" ci="1" mb="0" cb="0" />
      <line nr="240" mi="0" ci="1" mb="0" cb="0" />
      <line nr="241" mi="0" ci="1" mb="0" cb="0" />
      <line nr="242" mi="0" ci="1" mb="0" cb="0" />
      <line nr="245" mi="0" ci="1" mb="0" cb="0" />
      <line nr="248" mi="0" ci="2" mb="0" cb="0" />
      <line nr="249" mi="0" ci="1" mb="0" cb="0" />
      <line nr="250" mi="0" ci="1" mb="0" cb="0" />
      <line nr="251" mi="0" ci="1" mb="0" cb="0" />
      <line nr="254" mi="0" ci="1" mb="0" cb="0" />
      <line nr="255" mi="0" ci="1" mb="0" cb="0" />
      <line nr="256" mi="0" ci="2" mb="0" cb="0" />
      <line nr="258" mi="0" ci="1" mb="0" cb="0" />
      <line nr="266" mi="0" ci="1" mb="0" cb="0" />
      <line nr="267" mi="0" ci="1" mb="0" cb="0" />
      <line nr="271" mi="0" ci="1" mb="0" cb="0" />
      <line nr="272" mi="0" ci="1" mb="0" cb="0" />
      <line nr="275" mi="0" ci="1" mb="0" cb="0" />
      <line nr="276" mi="0" ci="2" mb="0" cb="0" />
      <line nr="278" mi="0" ci="3" mb="0" cb="0" />
      <line nr="279" mi="0" ci="1" mb="0" cb="0" />
      <line nr="280" mi="0" ci="2" mb="0" cb="0" />
      <line nr="282" mi="0" ci="1" mb="0" cb="0" />
      <line nr="291" mi="0" ci="1" mb="0" cb="0" />
      <line nr="292" mi="0" ci="1" mb="0" cb="0" />
      <line nr="305" mi="0" ci="1" mb="0" cb="0" />
      <line nr="306" mi="0" ci="3" mb="0" cb="0" />
      <line nr="307" mi="0" ci="1" mb="0" cb="0" />
      <line nr="308" mi="0" ci="1" mb="0" cb="0" />
      <line nr="310" mi="1" ci="3" mb="0" cb="0" />
      <line nr="311" mi="0" ci="1" mb="0" cb="0" />
      <line nr="312" mi="0" ci="1" mb="0" cb="0" />
      <line nr="313" mi="0" ci="4" mb="0" cb="0" />
      <line nr="314" mi="1" ci="3" mb="0" cb="0" />
      <line nr="315" mi="0" ci="4" mb="0" cb="0" />
      <line nr="316" mi="1" ci="3" mb="0" cb="0" />
      <line nr="317" mi="1" ci="3" mb="0" cb="0" />
      <line nr="318" mi="1" ci="3" mb="0" cb="0" />
      <line nr="319" mi="1" ci="3" mb="0" cb="0" />
      <line nr="320" mi="1" ci="3" mb="0" cb="0" />
      <line nr="321" mi="1" ci="3" mb="0" cb="0" />
      <line nr="322" mi="1" ci="3" mb="0" cb="0" />
      <line nr="323" mi="1" ci="3" mb="0" cb="0" />
      <line nr="324" mi="1" ci="3" mb="0" cb="0" />
      <line nr="325" mi="1" ci="3" mb="0" cb="0" />
      <line nr="326" mi="0" ci="4" mb="0" cb="0" />
      <line nr="327" mi="1" ci="3" mb="0" cb="0" />
      <line nr="328" mi="1" ci="3" mb="0" cb="0" />
      <line nr="330" mi="0" ci="1" mb="0" cb="0" />
      <line nr="333" mi="0" ci="1" mb="0" cb="0" />
      <line nr="339" mi="0" ci="1" mb="0" cb="0" />
      <line nr="340" mi="0" ci="3" mb="0" cb="0" />
      <line nr="341" mi="0" ci="1" mb="0" cb="0" />
      <line nr="342" mi="0" ci="1" mb="0" cb="0" />
      <line nr="343" mi="0" ci="1" mb="0" cb="0" />
      <line nr="345" mi="0" ci="3" mb="0" cb="0" />
      <line nr="346" mi="0" ci="3" mb="0" cb="0" />
      <line nr="347" mi="1" ci="2" mb="0" cb="0" />
      <line nr="348" mi="1" ci="2" mb="0" cb="0" />
      <line nr="349" mi="1" ci="2" mb="0" cb="0" />
      <line nr="350" mi="1" ci="2" mb="0" cb="0" />
      <line nr="351" mi="0" ci="1" mb="0" cb="0" />
      <line nr="354" mi="0" ci="1" mb="0" cb="0" />
      <line nr="359" mi="0" ci="1" mb="0" cb="0" />
      <line nr="360" mi="0" ci="3" mb="0" cb="0" />
      <line nr="361" mi="1" ci="0" mb="0" cb="0" />
      <line nr="362" mi="1" ci="0" mb="0" cb="0" />
      <line nr="363" mi="1" ci="0" mb="0" cb="0" />
      <line nr="364" mi="1" ci="0" mb="0" cb="0" />
      <line nr="365" mi="3" ci="0" mb="0" cb="0" />
      <line nr="366" mi="3" ci="0" mb="0" cb="0" />
      <line nr="367" mi="3" ci="0" mb="0" cb="0" />
      <line nr="368" mi="3" ci="0" mb="0" cb="0" />
      <line nr="369" mi="3" ci="0" mb="0" cb="0" />
      <line nr="370" mi="3" ci="0" mb="0" cb="0" />
      <line nr="371" mi="1" ci="0" mb="0" cb="0" />
      <line nr="374" mi="0" ci="1" mb="0" cb="0" />
      <line nr="377" mi="0" ci="1" mb="0" cb="0" />
      <line nr="378" mi="0" ci="1" mb="0" cb="0" />
      <line nr="379" mi="0" ci="1" mb="0" cb="0" />
      <line nr="380" mi="0" ci="1" mb="0" cb="0" />
      <line nr="382" mi="0" ci="1" mb="0" cb="0" />
      <line nr="383" mi="0" ci="1" mb="0" cb="0" />
      <line nr="385" mi="0" ci="1" mb="0" cb="0" />
      <line nr="386" mi="1" ci="1" mb="0" cb="0" />
      <line nr="387" mi="1" ci="1" mb="0" cb="0" />
      <line nr="388" mi="0" ci="1" mb="0" cb="0" />
      <line nr="389" mi="0" ci="2" mb="0" cb="0" />
      <line nr="390" mi="0" ci="2" mb="0" cb="0" />
      <line nr="391" mi="0" ci="1" mb="0" cb="0" />
      <line nr="395" mi="0" ci="1" mb="0" cb="0" />
      <line nr="396" mi="0" ci="1" mb="0" cb="0" />
      <line nr="398" mi="0" ci="1" mb="0" cb="0" />
      <line nr="400" mi="0" ci="1" mb="0" cb="0" />
      <line nr="401" mi="0" ci="1" mb="0" cb="0" />
      <line nr="404" mi="0" ci="1" mb="0" cb="0" />
      <line nr="406" mi="0" ci="5" mb="0" cb="0" />
      <line nr="407" mi="0" ci="5" mb="0" cb="0" />
      <line nr="408" mi="0" ci="1" mb="0" cb="0" />
      <line nr="409" mi="0" ci="1" mb="0" cb="0" />
      <line nr="414" mi="1" ci="4" mb="0" cb="0" />
      <line nr="415" mi="1" ci="4" mb="0" cb="0" />
      <line nr="416" mi="0" ci="1" mb="0" cb="0" />
      <line nr="417" mi="0" ci="1" mb="0" cb="0" />
      <line nr="422" mi="0" ci="1" mb="0" cb="0" />
      <line nr="423" mi="0" ci="1" mb="0" cb="0" />
      <line nr="424" mi="0" ci="1" mb="0" cb="0" />
      <line nr="427" mi="0" ci="1" mb="0" cb="0" />
      <line nr="430" mi="1" ci="0" mb="0" cb="0" />
      <line nr="483" mi="0" ci="3" mb="0" cb="0" />
      <line nr="486" mi="0" ci="1" mb="0" cb="0" />
      <line nr="487" mi="0" ci="1" mb="0" cb="0" />
      <line nr="489" mi="0" ci="1" mb="0" cb="0" />
      <line nr="492" mi="0" ci="1" mb="0" cb="0" />
      <line nr="493" mi="2" ci="0" mb="0" cb="0" />
      <line nr="494" mi="3" ci="0" mb="0" cb="0" />
      <line nr="498" mi="0" ci="1" mb="0" cb="0" />
      <line nr="499" mi="2" ci="0" mb="0" cb="0" />
      <line nr="500" mi="1" ci="0" mb="0" cb="0" />
      <line nr="501" mi="1" ci="0" mb="0" cb="0" />
      <line nr="502" mi="1" ci="0" mb="0" cb="0" />
      <line nr="506" mi="0" ci="1" mb="0" cb="0" />
      <line nr="509" mi="0" ci="2" mb="0" cb="0" />
      <line nr="510" mi="0" ci="3" mb="0" cb="0" />
      <line nr="511" mi="0" ci="1" mb="0" cb="0" />
      <line nr="512" mi="0" ci="2" mb="0" cb="0" />
      <line nr="513" mi="0" ci="1" mb="0" cb="0" />
      <line nr="514" mi="0" ci="1" mb="0" cb="0" />
      <line nr="515" mi="0" ci="1" mb="0" cb="0" />
      <line nr="520" mi="0" ci="1" mb="0" cb="0" />
      <line nr="521" mi="0" ci="2" mb="0" cb="0" />
      <line nr="522" mi="0" ci="1" mb="0" cb="0" />
      <line nr="525" mi="0" ci="1" mb="0" cb="0" />
      <line nr="528" mi="0" ci="2" mb="0" cb="0" />
      <line nr="529" mi="0" ci="2" mb="0" cb="0" />
      <line nr="530" mi="0" ci="2" mb="0" cb="0" />
      <line nr="531" mi="0" ci="2" mb="0" cb="0" />
      <line nr="533" mi="0" ci="1" mb="0" cb="0" />
      <line nr="534" mi="1" ci="1" mb="0" cb="0" />
      <line nr="537" mi="1" ci="0" mb="0" cb="0" />
      <line nr="540" mi="0" ci="1" mb="0" cb="0" />
      <line nr="543" mi="0" ci="1" mb="0" cb="0" />
      <line nr="544" mi="0" ci="1" mb="0" cb="0" />
      <line nr="547" mi="1" ci="0" mb="0" cb="0" />
      <line nr="550" mi="0" ci="2" mb="0" cb="0" />
      <line nr="551" mi="0" ci="1" mb="0" cb="0" />
      <line nr="552" mi="0" ci="3" mb="0" cb="0" />
      <line nr="555" mi="0" ci="1" mb="0" cb="0" />
      <line nr="557" mi="0" ci="1" mb="0" cb="0" />
      <line nr="558" mi="0" ci="1" mb="0" cb="0" />
      <line nr="561" mi="1" ci="0" mb="0" cb="0" />
      <line nr="565" mi="0" ci="1" mb="0" cb="0" />
      <line nr="566" mi="0" ci="1" mb="0" cb="0" />
      <line nr="569" mi="0" ci="1" mb="0" cb="0" />
      <line nr="570" mi="0" ci="1" mb="0" cb="0" />
      <line nr="572" mi="0" ci="1" mb="0" cb="0" />
      <line nr="576" mi="0" ci="1" mb="0" cb="0" />
      <line nr="577" mi="0" ci="1" mb="0" cb="0" />
      <line nr="578" mi="0" ci="1" mb="0" cb="0" />
      <line nr="579" mi="0" ci="1" mb="0" cb="0" />
      <line nr="580" mi="0" ci="1" mb="0" cb="0" />
      <line nr="581" mi="0" ci="1" mb="0" cb="0" />
      <line nr="582" mi="0" ci="1" mb="0" cb="0" />
      <line nr="583" mi="0" ci="1" mb="0" cb="0" />
      <line nr="584" mi="0" ci="1" mb="0" cb="0" />
      <line nr="586" mi="1" ci="2" mb="0" cb="0" />
      <line nr="587" mi="1" ci="2" mb="0" cb="0" />
      <line nr="588" mi="1" ci="2" mb="0" cb="0" />
      <line nr="589" mi="1" ci="2" mb="0" cb="0" />
      <line nr="590" mi="1" ci="2" mb="0" cb="0" />
      <line nr="591" mi="1" ci="2" mb="0" cb="0" />
      <line nr="592" mi="1" ci="2" mb="0" cb="0" />
      <line nr="593" mi="1" ci="2" mb="0" cb="0" />
      <line nr="595" mi="0" ci="1" mb="0" cb="0" />
      <line nr="599" mi="0" ci="1" mb="0" cb="0" />
      <line nr="600" mi="0" ci="1" mb="0" cb="0" />
      <line nr="601" mi="0" ci="1" mb="0" cb="0" />
      <line nr="602" mi="0" ci="1" mb="0" cb="0" />
      <line nr="603" mi="0" ci="1" mb="0" cb="0" />
      <line nr="604" mi="0" ci="1" mb="0" cb="0" />
      <line nr="605" mi="0" ci="1" mb="0" cb="0" />
      <line nr="606" mi="0" ci="1" mb="0" cb="0" />
      <line nr="607" mi="0" ci="1" mb="0" cb="0" />
      <line nr="608" mi="0" ci="1" mb="0" cb="0" />
      <line nr="610" mi="1" ci="2" mb="0" cb="0" />
      <line nr="611" mi="1" ci="2" mb="0" cb="0" />
      <line nr="612" mi="1" ci="2" mb="0" cb="0" />
      <line nr="613" mi="1" ci="2" mb="0" cb="0" />
      <line nr="614" mi="1" ci="2" mb="0" cb="0" />
      <line nr="615" mi="1" ci="2" mb="0" cb="0" />
      <line nr="616" mi="1" ci="2" mb="0" cb="0" />
      <line nr="617" mi="1" ci="2" mb="0" cb="0" />
      <line nr="621" mi="0" ci="3" mb="0" cb="0" />
      <line nr="624" mi="3" ci="0" mb="0" cb="0" />
      <line nr="625" mi="1" ci="0" mb="0" cb="0" />
      <line nr="630" mi="0" ci="3" mb="0" cb="0" />
      <line nr="631" mi="0" ci="1" mb="0" cb="0" />
      <line nr="632" mi="0" ci="2" mb="0" cb="0" />
      <line nr="636" mi="0" ci="1" mb="0" cb="0" />
      <line nr="637" mi="0" ci="1" mb="0" cb="0" />
      <line nr="640" mi="1" ci="0" mb="0" cb="0" />
      <line nr="643" mi="0" ci="1" mb="0" cb="0" />
      <line nr="644" mi="0" ci="2" mb="0" cb="0" />
      <line nr="647" mi="0" ci="1" mb="0" cb="0" />
      <line nr="648" mi="0" ci="1" mb="0" cb="0" />
      <line nr="651" mi="1" ci="0" mb="0" cb="0" />
      <line nr="654" mi="0" ci="2" mb="0" cb="0" />
      <line nr="655" mi="0" ci="1" mb="0" cb="0" />
      <line nr="658" mi="0" ci="1" mb="0" cb="0" />
      <line nr="661" mi="0" ci="1" mb="0" cb="0" />
      <line nr="662" mi="0" ci="1" mb="0" cb="0" />
      <line nr="666" mi="0" ci="1" mb="0" cb="0" />
      <line nr="667" mi="0" ci="1" mb="0" cb="0" />
      <line nr="668" mi="0" ci="1" mb="0" cb="0" />
      <line nr="669" mi="0" ci="1" mb="0" cb="0" />
      <line nr="670" mi="0" ci="1" mb="0" cb="0" />
      <line nr="671" mi="0" ci="1" mb="0" cb="0" />
      <line nr="673" mi="0" ci="3" mb="0" cb="0" />
      <line nr="674" mi="0" ci="3" mb="0" cb="0" />
      <line nr="675" mi="0" ci="3" mb="0" cb="0" />
      <line nr="676" mi="0" ci="3" mb="0" cb="0" />
      <line nr="677" mi="0" ci="3" mb="0" cb="0" />
      <line nr="678" mi="0" ci="3" mb="0" cb="0" />
      <line nr="679" mi="0" ci="3" mb="0" cb="0" />
      <line nr="680" mi="0" ci="3" mb="0" cb="0" />
      <line nr="684" mi="1" ci="0" mb="0" cb="0" />
      <line nr="685" mi="2" ci="0" mb="0" cb="0" />
      <line nr="688" mi="1" ci="0" mb="0" cb="0" />
      <line nr="689" mi="1" ci="0" mb="0" cb="0" />
      <line nr="692" mi="1" ci="0" mb="0" cb="0" />
      <line nr="693" mi="1" ci="0" mb="0" cb="0" />
      <line nr="694" mi="1" ci="0" mb="0" cb="0" />
      <line nr="695" mi="1" ci="0" mb="0" cb="0" />
      <line nr="696" mi="1" ci="0" mb="0" cb="0" />
      <line nr="697" mi="1" ci="0" mb="0" cb="0" />
      <line nr="699" mi="3" ci="0" mb="0" cb="0" />
      <line nr="700" mi="3" ci="0" mb="0" cb="0" />
      <line nr="701" mi="3" ci="0" mb="0" cb="0" />
      <line nr="702" mi="3" ci="0" mb="0" cb="0" />
      <line nr="703" mi="3" ci="0" mb="0" cb="0" />
      <line nr="704" mi="3" ci="0" mb="0" cb="0" />
      <line nr="705" mi="3" ci="0" mb="0" cb="0" />
      <line nr="706" mi="3" ci="0" mb="0" cb="0" />
      <line nr="711" mi="0" ci="1" mb="0" cb="0" />
      <line nr="712" mi="0" ci="1" mb="0" cb="0" />
      <line nr="713" mi="0" ci="1" mb="0" cb="0" />
      <line nr="724" mi="0" ci="1" mb="0" cb="0" />
      <line nr="725" mi="0" ci="1" mb="0" cb="0" />
      <line nr="728" mi="0" ci="1" mb="0" cb="0" />
      <line nr="729" mi="0" ci="1" mb="0" cb="0" />
      <line nr="731" mi="0" ci="1" mb="0" cb="0" />
      <line nr="732" mi="0" ci="1" mb="0" cb="0" />
      <line nr="734" mi="0" ci="1" mb="0" cb="0" />
      <line nr="735" mi="1" ci="0" mb="0" cb="0" />
      <line nr="738" mi="0" ci="2" mb="0" cb="0" />
      <line nr="739" mi="0" ci="1" mb="0" cb="0" />
      <line nr="740" mi="0" ci="1" mb="0" cb="0" />
      <line nr="742" mi="0" ci="1" mb="0" cb="0" />
      <line nr="743" mi="1" ci="0" mb="0" cb="0" />
      <line nr="750" mi="0" ci="1" mb="0" cb="0" />
      <line nr="753" mi="0" ci="1" mb="0" cb="0" />
      <line nr="754" mi="0" ci="1" mb="0" cb="0" />
      <line nr="755" mi="0" ci="1" mb="0" cb="0" />
      <line nr="759" mi="0" ci="1" mb="0" cb="0" />
      <line nr="794" mi="0" ci="1" mb="0" cb="0" />
      <line nr="797" mi="0" ci="1" mb="0" cb="0" />
      <line nr="798" mi="0" ci="1" mb="0" cb="0" />
      <line nr="799" mi="0" ci="1" mb="0" cb="0" />
      <line nr="800" mi="0" ci="1" mb="0" cb="0" />
      <line nr="805" mi="0" ci="1" mb="0" cb="0" />
      <line nr="806" mi="0" ci="1" mb="0" cb="0" />
      <line nr="810" mi="1" ci="0" mb="0" cb="0" />
      <line nr="811" mi="1" ci="0" mb="0" cb="0" />
      <line nr="814" mi="0" ci="1" mb="0" cb="0" />
      <line nr="817" mi="0" ci="1" mb="0" cb="0" />
      <line nr="818" mi="0" ci="1" mb="0" cb="0" />
      <line nr="820" mi="0" ci="2" mb="0" cb="0" />
      <line nr="821" mi="0" ci="1" mb="0" cb="0" />
      <line nr="822" mi="0" ci="1" mb="0" cb="0" />
      <line nr="825" mi="1" ci="0" mb="0" cb="0" />
      <line nr="828" mi="0" ci="1" mb="0" cb="0" />
      <line nr="832" mi="0" ci="1" mb="0" cb="0" />
      <line nr="836" mi="0" ci="1" mb="0" cb="0" />
      <counter type="INSTRUCTION" missed="150" covered="459" />
      <counter type="LINE" missed="63" covered="308" />
      <counter type="METHOD" missed="0" covered="8" />
      <counter type="CLASS" missed="0" covered="1" />
    </sourcefile>
    <counter type="INSTRUCTION" missed="151" covered="470" />
    <counter type="LINE" missed="64" covered="319" />
    <counter type="METHOD" missed="0" covered="10" />
    <counter type="CLASS" missed="0" covered="2" />
  </package>
  <package name="Modules/PSmm/Public">
    <class name="Modules/PSmm/Public/Export-SafeConfiguration" sourcefilename="PSmm/Public/Export-SafeConfiguration.ps1">
      <method name="&lt;script&gt;" desc="()" line="38">
        <counter type="INSTRUCTION" missed="0" covered="1" />
        <counter type="LINE" missed="0" covered="1" />
        <counter type="METHOD" missed="0" covered="1" />
      </method>
      <method name="Export-SafeConfiguration" desc="()" line="58">
        <counter type="INSTRUCTION" missed="70" covered="75" />
        <counter type="LINE" missed="45" covered="67" />
        <counter type="METHOD" missed="0" covered="1" />
      </method>
      <method name="_ToSafeScalar" desc="()" line="62">
        <counter type="INSTRUCTION" missed="5" covered="8" />
        <counter type="LINE" missed="1" covered="6" />
        <counter type="METHOD" missed="0" covered="1" />
      </method>
      <method name="_NormalizeModuleDescriptorValue" desc="()" line="77">
        <counter type="INSTRUCTION" missed="11" covered="8" />
        <counter type="LINE" missed="9" covered="6" />
        <counter type="METHOD" missed="0" covered="1" />
      </method>
      <method name="_NormalizeModuleDescriptor" desc="()" line="105">
        <counter type="INSTRUCTION" missed="10" covered="16" />
        <counter type="LINE" missed="6" covered="12" />
        <counter type="METHOD" missed="0" covered="1" />
      </method>
      <method name="_NormalizeModuleDescriptorList" desc="()" line="137">
        <counter type="INSTRUCTION" missed="4" covered="10" />
        <counter type="LINE" missed="1" covered="9" />
        <counter type="METHOD" missed="0" covered="1" />
      </method>
      <method name="_CloneGeneric" desc="()" line="170">
        <counter type="INSTRUCTION" missed="2" covered="32" />
        <counter type="LINE" missed="2" covered="21" />
        <counter type="METHOD" missed="0" covered="1" />
      </method>
      <method name="_DriveToHash" desc="()" line="212">
        <counter type="INSTRUCTION" missed="10" covered="0" />
        <counter type="LINE" missed="9" covered="0" />
        <counter type="METHOD" missed="1" covered="0" />
      </method>
      <method name="_DictToHash" desc="()" line="226">
        <counter type="INSTRUCTION" missed="6" covered="0" />
        <counter type="LINE" missed="4" covered="0" />
        <counter type="METHOD" missed="1" covered="0" />
      </method>
      <method name="_GetMemberValue" desc="()" line="238">
        <counter type="INSTRUCTION" missed="23" covered="0" />
        <counter type="LINE" missed="14" covered="0" />
        <counter type="METHOD" missed="1" covered="0" />
      </method>
      <method name="_GetDictionaryKeys" desc="()" line="279">
        <counter type="INSTRUCTION" missed="12" covered="0" />
        <counter type="LINE" missed="6" covered="0" />
        <counter type="METHOD" missed="1" covered="0" />
      </method>
      <method name="Build-SafeSnapshot" desc="()" line="291">
        <counter type="INSTRUCTION" missed="308" covered="14" />
        <counter type="LINE" missed="258" covered="11" />
        <counter type="METHOD" missed="0" covered="1" />
      </method>
      <method name="_PlainCopy" desc="()" line="558">
        <counter type="INSTRUCTION" missed="44" covered="0" />
        <counter type="LINE" missed="28" covered="0" />
        <counter type="METHOD" missed="1" covered="0" />
      </method>
      <method name="_Sanitize" desc="()" line="780">
        <counter type="INSTRUCTION" missed="11" covered="50" />
        <counter type="LINE" missed="3" covered="37" />
        <counter type="METHOD" missed="0" covered="1" />
      </method>
      <method name="_ToPsd1" desc="()" line="862">
        <counter type="INSTRUCTION" missed="3" covered="27" />
        <counter type="LINE" missed="1" covered="16" />
        <counter type="METHOD" missed="0" covered="1" />
      </method>
      <method name="_ScalarToQuoted" desc="()" line="871">
        <counter type="INSTRUCTION" missed="8" covered="7" />
        <counter type="LINE" missed="5" covered="6" />
        <counter type="METHOD" missed="0" covered="1" />
      </method>
      <method name="_FormatKey" desc="()" line="895">
        <counter type="INSTRUCTION" missed="1" covered="9" />
        <counter type="LINE" missed="0" covered="5" />
        <counter type="METHOD" missed="0" covered="1" />
      </method>
      <method name="_StringifyValues" desc="()" line="934">
        <counter type="INSTRUCTION" missed="22" covered="28" />
        <counter type="LINE" missed="10" covered="17" />
        <counter type="METHOD" missed="0" covered="1" />
      </method>
      <counter type="INSTRUCTION" missed="550" covered="285" />
      <counter type="LINE" missed="402" covered="214" />
      <counter type="METHOD" missed="5" covered="13" />
      <counter type="CLASS" missed="0" covered="1" />
    </class>
    <class name="Modules/PSmm/Public/New-CustomFileName" sourcefilename="PSmm/Public/New-CustomFileName.ps1">
      <method name="&lt;script&gt;" desc="()" line="52">
        <counter type="INSTRUCTION" missed="0" covered="1" />
        <counter type="LINE" missed="0" covered="1" />
        <counter type="METHOD" missed="0" covered="1" />
      </method>
      <method name="New-CustomFileName" desc="()" line="67">
        <counter type="INSTRUCTION" missed="4" covered="30" />
        <counter type="LINE" missed="2" covered="27" />
        <counter type="METHOD" missed="0" covered="1" />
      </method>
      <counter type="INSTRUCTION" missed="4" covered="31" />
      <counter type="LINE" missed="2" covered="28" />
      <counter type="METHOD" missed="0" covered="2" />
      <counter type="CLASS" missed="0" covered="1" />
    </class>
    <class name="Modules/PSmm/Public/New-DirectoriesFromHashtable" sourcefilename="PSmm/Public/New-DirectoriesFromHashtable.ps1">
      <method name="&lt;script&gt;" desc="()" line="49">
        <counter type="INSTRUCTION" missed="0" covered="1" />
        <counter type="LINE" missed="0" covered="1" />
        <counter type="METHOD" missed="0" covered="1" />
      </method>
      <method name="New-DirectoriesFromHashtable" desc="()" line="62">
        <counter type="INSTRUCTION" missed="1" covered="22" />
        <counter type="LINE" missed="1" covered="19" />
        <counter type="METHOD" missed="0" covered="1" />
      </method>
      <counter type="INSTRUCTION" missed="1" covered="23" />
      <counter type="LINE" missed="1" covered="20" />
      <counter type="METHOD" missed="0" covered="2" />
      <counter type="CLASS" missed="0" covered="1" />
    </class>
    <sourcefile name="PSmm/Public/Export-SafeConfiguration.ps1">
      <line nr="38" mi="0" ci="1" mb="0" cb="0" />
      <line nr="58" mi="0" ci="1" mb="0" cb="0" />
      <line nr="62" mi="0" ci="2" mb="0" cb="0" />
      <line nr="63" mi="0" ci="2" mb="0" cb="0" />
      <line nr="64" mi="1" ci="1" mb="0" cb="0" />
      <line nr="65" mi="1" ci="1" mb="0" cb="0" />
      <line nr="67" mi="1" ci="1" mb="0" cb="0" />
      <line nr="69" mi="2" ci="0" mb="0" cb="0" />
      <line nr="71" mi="0" ci="1" mb="0" cb="0" />
      <line nr="77" mi="1" ci="1" mb="0" cb="0" />
      <line nr="79" mi="0" ci="1" mb="0" cb="0" />
      <line nr="81" mi="0" ci="1" mb="0" cb="0" />
      <line nr="82" mi="1" ci="0" mb="0" cb="0" />
      <line nr="83" mi="1" ci="0" mb="0" cb="0" />
      <line nr="84" mi="1" ci="0" mb="0" cb="0" />
      <line nr="86" mi="1" ci="0" mb="0" cb="0" />
      <line nr="89" mi="0" ci="1" mb="0" cb="0" />
      <line nr="90" mi="1" ci="0" mb="0" cb="0" />
      <line nr="91" mi="2" ci="0" mb="0" cb="0" />
      <line nr="92" mi="1" ci="0" mb="0" cb="0" />
      <line nr="95" mi="0" ci="2" mb="0" cb="0" />
      <line nr="96" mi="0" ci="2" mb="0" cb="0" />
      <line nr="98" mi="1" ci="0" mb="0" cb="0" />
      <line nr="99" mi="1" ci="0" mb="0" cb="0" />
      <line nr="105" mi="1" ci="1" mb="0" cb="0" />
      <line nr="107" mi="0" ci="1" mb="0" cb="0" />
      <line nr="108" mi="0" ci="1" mb="0" cb="0" />
      <line nr="109" mi="0" ci="1" mb="0" cb="0" />
      <line nr="110" mi="0" ci="1" mb="0" cb="0" />
      <line nr="112" mi="0" ci="1" mb="0" cb="0" />
      <line nr="115" mi="0" ci="2" mb="0" cb="0" />
      <line nr="116" mi="0" ci="1" mb="0" cb="0" />
      <line nr="117" mi="0" ci="3" mb="0" cb="0" />
      <line nr="118" mi="0" ci="1" mb="0" cb="0" />
      <line nr="119" mi="0" ci="2" mb="0" cb="0" />
      <line nr="120" mi="1" ci="0" mb="0" cb="0" />
      <line nr="122" mi="0" ci="1" mb="0" cb="0" />
      <line nr="125" mi="1" ci="0" mb="0" cb="0" />
      <line nr="126" mi="1" ci="0" mb="0" cb="0" />
      <line nr="127" mi="2" ci="0" mb="0" cb="0" />
      <line nr="130" mi="3" ci="0" mb="0" cb="0" />
      <line nr="131" mi="1" ci="0" mb="0" cb="0" />
      <line nr="137" mi="1" ci="1" mb="0" cb="0" />
      <line nr="139" mi="0" ci="1" mb="0" cb="0" />
      <line nr="140" mi="0" ci="1" mb="0" cb="0" />
      <line nr="141" mi="2" ci="0" mb="0" cb="0" />
      <line nr="144" mi="0" ci="1" mb="0" cb="0" />
      <line nr="145" mi="0" ci="1" mb="0" cb="0" />
      <line nr="146" mi="0" ci="1" mb="0" cb="0" />
      <line nr="147" mi="0" ci="2" mb="0" cb="0" />
      <line nr="150" mi="1" ci="1" mb="0" cb="0" />
      <line nr="151" mi="0" ci="1" mb="0" cb="0" />
      <line nr="170" mi="0" ci="2" mb="0" cb="0" />
      <line nr="171" mi="0" ci="2" mb="0" cb="0" />
      <line nr="173" mi="0" ci="1" mb="0" cb="0" />
      <line nr="174" mi="0" ci="1" mb="0" cb="0" />
      <line nr="175" mi="0" ci="2" mb="0" cb="0" />
      <line nr="177" mi="0" ci="1" mb="0" cb="0" />
      <line nr="178" mi="0" ci="1" mb="0" cb="0" />
      <line nr="179" mi="0" ci="1" mb="0" cb="0" />
      <line nr="180" mi="0" ci="2" mb="0" cb="0" />
      <line nr="182" mi="0" ci="1" mb="0" cb="0" />
      <line nr="185" mi="0" ci="1" mb="0" cb="0" />
      <line nr="186" mi="0" ci="1" mb="0" cb="0" />
      <line nr="187" mi="0" ci="1" mb="0" cb="0" />
      <line nr="188" mi="0" ci="2" mb="0" cb="0" />
      <line nr="190" mi="0" ci="1" mb="0" cb="0" />
      <line nr="193" mi="0" ci="3" mb="0" cb="0" />
      <line nr="194" mi="0" ci="1" mb="0" cb="0" />
      <line nr="195" mi="0" ci="3" mb="0" cb="0" />
      <line nr="196" mi="0" ci="1" mb="0" cb="0" />
      <line nr="198" mi="0" ci="3" mb="0" cb="0" />
      <line nr="201" mi="1" ci="0" mb="0" cb="0" />
      <line nr="204" mi="0" ci="1" mb="0" cb="0" />
      <line nr="207" mi="1" ci="0" mb="0" cb="0" />
      <line nr="212" mi="2" ci="0" mb="0" cb="0" />
      <line nr="213" mi="1" ci="0" mb="0" cb="0" />
      <line nr="214" mi="1" ci="0" mb="0" cb="0" />
      <line nr="215" mi="1" ci="0" mb="0" cb="0" />
      <line nr="216" mi="1" ci="0" mb="0" cb="0" />
      <line nr="217" mi="1" ci="0" mb="0" cb="0" />
      <line nr="218" mi="1" ci="0" mb="0" cb="0" />
      <line nr="219" mi="1" ci="0" mb="0" cb="0" />
      <line nr="220" mi="1" ci="0" mb="0" cb="0" />
      <line nr="226" mi="1" ci="0" mb="0" cb="0" />
      <line nr="227" mi="2" ci="0" mb="0" cb="0" />
      <line nr="228" mi="2" ci="0" mb="0" cb="0" />
      <line nr="229" mi="1" ci="0" mb="0" cb="0" />
      <line nr="238" mi="2" ci="0" mb="0" cb="0" />
      <line nr="240" mi="1" ci="0" mb="0" cb="0" />
      <line nr="242" mi="2" ci="0" mb="0" cb="0" />
      <line nr="245" mi="2" ci="0" mb="0" cb="0" />
      <line nr="248" mi="2" ci="0" mb="0" cb="0" />
      <line nr="251" mi="2" ci="0" mb="0" cb="0" />
      <line nr="253" mi="1" ci="0" mb="0" cb="0" />
      <line nr="257" mi="2" ci="0" mb="0" cb="0" />
      <line nr="260" mi="2" ci="0" mb="0" cb="0" />
      <line nr="264" mi="1" ci="0" mb="0" cb="0" />
      <line nr="267" mi="2" ci="0" mb="0" cb="0" />
      <line nr="270" mi="1" ci="0" mb="0" cb="0" />
      <line nr="271" mi="2" ci="0" mb="0" cb="0" />
      <line nr="273" mi="1" ci="0" mb="0" cb="0" />
      <line nr="279" mi="2" ci="0" mb="0" cb="0" />
      <line nr="281" mi="1" ci="0" mb="0" cb="0" />
      <line nr="282" mi="2" ci="0" mb="0" cb="0" />
      <line nr="285" mi="1" ci="0" mb="0" cb="0" />
      <line nr="286" mi="3" ci="0" mb="0" cb="0" />
      <line nr="288" mi="3" ci="0" mb="0" cb="0" />
      <line nr="291" mi="0" ci="2" mb="0" cb="0" />
      <line nr="292" mi="0" ci="1" mb="0" cb="0" />
      <line nr="294" mi="0" ci="1" mb="0" cb="0" />
      <line nr="297" mi="1" ci="0" mb="0" cb="0" />
      <line nr="300" mi="0" ci="1" mb="0" cb="0" />
      <line nr="301" mi="0" ci="2" mb="0" cb="0" />
      <line nr="302" mi="1" ci="0" mb="0" cb="0" />
      <line nr="304" mi="0" ci="1" mb="0" cb="0" />
      <line nr="305" mi="1" ci="0" mb="0" cb="0" />
      <line nr="307" mi="0" ci="1" mb="0" cb="0" />
      <line nr="308" mi="0" ci="1" mb="0" cb="0" />
      <line nr="309" mi="0" ci="2" mb="0" cb="0" />
      <line nr="311" mi="0" ci="1" mb="0" cb="0" />
      <line nr="312" mi="0" ci="1" mb="0" cb="0" />
      <line nr="316" mi="1" ci="0" mb="0" cb="0" />
      <line nr="317" mi="1" ci="0" mb="0" cb="0" />
      <line nr="318" mi="1" ci="0" mb="0" cb="0" />
      <line nr="319" mi="1" ci="0" mb="0" cb="0" />
      <line nr="321" mi="1" ci="0" mb="0" cb="0" />
      <line nr="322" mi="1" ci="0" mb="0" cb="0" />
      <line nr="323" mi="1" ci="0" mb="0" cb="0" />
      <line nr="324" mi="1" ci="0" mb="0" cb="0" />
      <line nr="325" mi="1" ci="0" mb="0" cb="0" />
      <line nr="326" mi="1" ci="0" mb="0" cb="0" />
      <line nr="327" mi="1" ci="0" mb="0" cb="0" />
      <line nr="331" mi="1" ci="0" mb="0" cb="0" />
      <line nr="332" mi="1" ci="0" mb="0" cb="0" />
      <line nr="333" mi="1" ci="0" mb="0" cb="0" />
      <line nr="334" mi="1" ci="0" mb="0" cb="0" />
      <line nr="335" mi="1" ci="0" mb="0" cb="0" />
      <line nr="336" mi="1" ci="0" mb="0" cb="0" />
      <line nr="337" mi="1" ci="0" mb="0" cb="0" />
      <line nr="338" mi="1" ci="0" mb="0" cb="0" />
      <line nr="339" mi="1" ci="0" mb="0" cb="0" />
      <line nr="343" mi="1" ci="0" mb="0" cb="0" />
      <line nr="344" mi="1" ci="0" mb="0" cb="0" />
      <line nr="345" mi="1" ci="0" mb="0" cb="0" />
      <line nr="346" mi="1" ci="0" mb="0" cb="0" />
      <line nr="351" mi="1" ci="0" mb="0" cb="0" />
      <line nr="352" mi="1" ci="0" mb="0" cb="0" />
      <line nr="353" mi="1" ci="0" mb="0" cb="0" />
      <line nr="354" mi="1" ci="0" mb="0" cb="0" />
      <line nr="355" mi="1" ci="0" mb="0" cb="0" />
      <line nr="356" mi="1" ci="0" mb="0" cb="0" />
      <line nr="357" mi="1" ci="0" mb="0" cb="0" />
      <line nr="358" mi="1" ci="0" mb="0" cb="0" />
      <line nr="359" mi="1" ci="0" mb="0" cb="0" />
      <line nr="360" mi="1" ci="0" mb="0" cb="0" />
      <line nr="361" mi="1" ci="0" mb="0" cb="0" />
      <line nr="362" mi="1" ci="0" mb="0" cb="0" />
      <line nr="367" mi="1" ci="0" mb="0" cb="0" />
      <line nr="368" mi="1" ci="0" mb="0" cb="0" />
      <line nr="369" mi="1" ci="0" mb="0" cb="0" />
      <line nr="370" mi="1" ci="0" mb="0" cb="0" />
      <line nr="371" mi="1" ci="0" mb="0" cb="0" />
      <line nr="372" mi="1" ci="0" mb="0" cb="0" />
      <line nr="373" mi="1" ci="0" mb="0" cb="0" />
      <line nr="374" mi="1" ci="0" mb="0" cb="0" />
      <line nr="379" mi="1" ci="0" mb="0" cb="0" />
      <line nr="380" mi="1" ci="0" mb="0" cb="0" />
      <line nr="381" mi="1" ci="0" mb="0" cb="0" />
      <line nr="382" mi="2" ci="0" mb="0" cb="0" />
      <line nr="383" mi="1" ci="0" mb="0" cb="0" />
      <line nr="384" mi="1" ci="0" mb="0" cb="0" />
      <line nr="386" mi="1" ci="0" mb="0" cb="0" />
      <line nr="387" mi="1" ci="0" mb="0" cb="0" />
      <line nr="391" mi="2" ci="0" mb="0" cb="0" />
      <line nr="392" mi="2" ci="0" mb="0" cb="0" />
      <line nr="396" mi="2" ci="0" mb="0" cb="0" />
      <line nr="400" mi="1" ci="0" mb="0" cb="0" />
      <line nr="401" mi="1" ci="0" mb="0" cb="0" />
      <line nr="402" mi="3" ci="0" mb="0" cb="0" />
      <line nr="405" mi="1" ci="0" mb="0" cb="0" />
      <line nr="406" mi="1" ci="0" mb="0" cb="0" />
      <line nr="407" mi="1" ci="0" mb="0" cb="0" />
      <line nr="408" mi="3" ci="0" mb="0" cb="0" />
      <line nr="414" mi="1" ci="0" mb="0" cb="0" />
      <line nr="415" mi="1" ci="0" mb="0" cb="0" />
      <line nr="416" mi="1" ci="0" mb="0" cb="0" />
      <line nr="417" mi="3" ci="0" mb="0" cb="0" />
      <line nr="419" mi="1" ci="0" mb="0" cb="0" />
      <line nr="421" mi="3" ci="0" mb="0" cb="0" />
      <line nr="423" mi="1" ci="0" mb="0" cb="0" />
      <line nr="425" mi="2" ci="0" mb="0" cb="0" />
      <line nr="426" mi="1" ci="0" mb="0" cb="0" />
      <line nr="427" mi="1" ci="0" mb="0" cb="0" />
      <line nr="428" mi="1" ci="0" mb="0" cb="0" />
      <line nr="429" mi="1" ci="0" mb="0" cb="0" />
      <line nr="430" mi="1" ci="0" mb="0" cb="0" />
      <line nr="431" mi="1" ci="0" mb="0" cb="0" />
      <line nr="432" mi="1" ci="0" mb="0" cb="0" />
      <line nr="433" mi="1" ci="0" mb="0" cb="0" />
      <line nr="434" mi="3" ci="0" mb="0" cb="0" />
      <line nr="435" mi="1" ci="0" mb="0" cb="0" />
      <line nr="436" mi="1" ci="0" mb="0" cb="0" />
      <line nr="437" mi="1" ci="0" mb="0" cb="0" />
      <line nr="438" mi="1" ci="0" mb="0" cb="0" />
      <line nr="439" mi="1" ci="0" mb="0" cb="0" />
      <line nr="440" mi="1" ci="0" mb="0" cb="0" />
      <line nr="441" mi="1" ci="0" mb="0" cb="0" />
      <line nr="442" mi="1" ci="0" mb="0" cb="0" />
      <line nr="443" mi="1" ci="0" mb="0" cb="0" />
      <line nr="444" mi="1" ci="0" mb="0" cb="0" />
      <line nr="445" mi="1" ci="0" mb="0" cb="0" />
      <line nr="446" mi="1" ci="0" mb="0" cb="0" />
      <line nr="447" mi="1" ci="0" mb="0" cb="0" />
      <line nr="448" mi="1" ci="0" mb="0" cb="0" />
      <line nr="452" mi="1" ci="0" mb="0" cb="0" />
      <line nr="453" mi="1" ci="0" mb="0" cb="0" />
      <line nr="454" mi="1" ci="0" mb="0" cb="0" />
      <line nr="455" mi="1" ci="0" mb="0" cb="0" />
      <line nr="458" mi="3" ci="0" mb="0" cb="0" />
      <line nr="461" mi="1" ci="0" mb="0" cb="0" />
      <line nr="462" mi="2" ci="0" mb="0" cb="0" />
      <line nr="463" mi="1" ci="0" mb="0" cb="0" />
      <line nr="464" mi="1" ci="0" mb="0" cb="0" />
      <line nr="465" mi="1" ci="0" mb="0" cb="0" />
      <line nr="466" mi="1" ci="0" mb="0" cb="0" />
      <line nr="467" mi="3" ci="0" mb="0" cb="0" />
      <line nr="468" mi="1" ci="0" mb="0" cb="0" />
      <line nr="469" mi="1" ci="0" mb="0" cb="0" />
      <line nr="470" mi="1" ci="0" mb="0" cb="0" />
      <line nr="471" mi="1" ci="0" mb="0" cb="0" />
      <line nr="472" mi="1" ci="0" mb="0" cb="0" />
      <line nr="473" mi="1" ci="0" mb="0" cb="0" />
      <line nr="474" mi="1" ci="0" mb="0" cb="0" />
      <line nr="475" mi="1" ci="0" mb="0" cb="0" />
      <line nr="476" mi="1" ci="0" mb="0" cb="0" />
      <line nr="477" mi="1" ci="0" mb="0" cb="0" />
      <line nr="478" mi="1" ci="0" mb="0" cb="0" />
      <line nr="479" mi="1" ci="0" mb="0" cb="0" />
      <line nr="480" mi="1" ci="0" mb="0" cb="0" />
      <line nr="481" mi="1" ci="0" mb="0" cb="0" />
      <line nr="485" mi="1" ci="0" mb="0" cb="0" />
      <line nr="486" mi="1" ci="0" mb="0" cb="0" />
      <line nr="487" mi="1" ci="0" mb="0" cb="0" />
      <line nr="488" mi="1" ci="0" mb="0" cb="0" />
      <line nr="496" mi="2" ci="0" mb="0" cb="0" />
      <line nr="497" mi="1" ci="0" mb="0" cb="0" />
      <line nr="499" mi="1" ci="0" mb="0" cb="0" />
      <line nr="500" mi="1" ci="0" mb="0" cb="0" />
      <line nr="501" mi="1" ci="0" mb="0" cb="0" />
      <line nr="502" mi="1" ci="0" mb="0" cb="0" />
      <line nr="503" mi="1" ci="0" mb="0" cb="0" />
      <line nr="504" mi="1" ci="0" mb="0" cb="0" />
      <line nr="505" mi="1" ci="0" mb="0" cb="0" />
      <line nr="506" mi="1" ci="0" mb="0" cb="0" />
      <line nr="507" mi="1" ci="0" mb="0" cb="0" />
      <line nr="508" mi="1" ci="0" mb="0" cb="0" />
      <line nr="509" mi="1" ci="0" mb="0" cb="0" />
      <line nr="510" mi="1" ci="0" mb="0" cb="0" />
      <line nr="511" mi="1" ci="0" mb="0" cb="0" />
      <line nr="512" mi="1" ci="0" mb="0" cb="0" />
      <line nr="514" mi="3" ci="0" mb="0" cb="0" />
      <line nr="518" mi="2" ci="0" mb="0" cb="0" />
      <line nr="519" mi="2" ci="0" mb="0" cb="0" />
      <line nr="520" mi="1" ci="0" mb="0" cb="0" />
      <line nr="521" mi="1" ci="0" mb="0" cb="0" />
      <line nr="522" mi="2" ci="0" mb="0" cb="0" />
      <line nr="525" mi="2" ci="0" mb="0" cb="0" />
      <line nr="526" mi="1" ci="0" mb="0" cb="0" />
      <line nr="527" mi="1" ci="0" mb="0" cb="0" />
      <line nr="530" mi="1" ci="0" mb="0" cb="0" />
      <line nr="532" mi="1" ci="0" mb="0" cb="0" />
      <line nr="533" mi="1" ci="0" mb="0" cb="0" />
      <line nr="534" mi="4" ci="0" mb="0" cb="0" />
      <line nr="539" mi="1" ci="0" mb="0" cb="0" />
      <line nr="540" mi="1" ci="0" mb="0" cb="0" />
      <line nr="541" mi="1" ci="0" mb="0" cb="0" />
      <line nr="542" mi="2" ci="0" mb="0" cb="0" />
      <line nr="543" mi="1" ci="0" mb="0" cb="0" />
      <line nr="548" mi="1" ci="0" mb="0" cb="0" />
      <line nr="549" mi="1" ci="0" mb="0" cb="0" />
      <line nr="550" mi="1" ci="0" mb="0" cb="0" />
      <line nr="551" mi="1" ci="0" mb="0" cb="0" />
      <line nr="558" mi="2" ci="0" mb="0" cb="0" />
      <line nr="559" mi="2" ci="0" mb="0" cb="0" />
      <line nr="562" mi="1" ci="0" mb="0" cb="0" />
      <line nr="563" mi="1" ci="0" mb="0" cb="0" />
      <line nr="564" mi="2" ci="0" mb="0" cb="0" />
      <line nr="567" mi="1" ci="0" mb="0" cb="0" />
      <line nr="568" mi="2" ci="0" mb="0" cb="0" />
      <line nr="569" mi="1" ci="0" mb="0" cb="0" />
      <line nr="570" mi="2" ci="0" mb="0" cb="0" />
      <line nr="571" mi="1" ci="0" mb="0" cb="0" />
      <line nr="574" mi="1" ci="0" mb="0" cb="0" />
      <line nr="575" mi="1" ci="0" mb="0" cb="0" />
      <line nr="576" mi="3" ci="0" mb="0" cb="0" />
      <line nr="577" mi="1" ci="0" mb="0" cb="0" />
      <line nr="580" mi="1" ci="0" mb="0" cb="0" />
      <line nr="581" mi="2" ci="0" mb="0" cb="0" />
      <line nr="582" mi="1" ci="0" mb="0" cb="0" />
      <line nr="583" mi="3" ci="0" mb="0" cb="0" />
      <line nr="584" mi="1" ci="0" mb="0" cb="0" />
      <line nr="585" mi="2" ci="0" mb="0" cb="0" />
      <line nr="587" mi="1" ci="0" mb="0" cb="0" />
      <line nr="591" mi="1" ci="0" mb="0" cb="0" />
      <line nr="592" mi="3" ci="0" mb="0" cb="0" />
      <line nr="593" mi="1" ci="0" mb="0" cb="0" />
      <line nr="594" mi="1" ci="0" mb="0" cb="0" />
      <line nr="595" mi="2" ci="0" mb="0" cb="0" />
      <line nr="597" mi="3" ci="0" mb="0" cb="0" />
      <line nr="599" mi="1" ci="0" mb="0" cb="0" />
      <line nr="602" mi="1" ci="0" mb="0" cb="0" />
      <line nr="607" mi="1" ci="0" mb="0" cb="0" />
      <line nr="610" mi="2" ci="0" mb="0" cb="0" />
      <line nr="611" mi="2" ci="0" mb="0" cb="0" />
      <line nr="612" mi="2" ci="0" mb="0" cb="0" />
      <line nr="613" mi="1" ci="0" mb="0" cb="0" />
      <line nr="614" mi="1" ci="0" mb="0" cb="0" />
      <line nr="615" mi="1" ci="0" mb="0" cb="0" />
      <line nr="623" mi="2" ci="0" mb="0" cb="0" />
      <line nr="628" mi="1" ci="0" mb="0" cb="0" />
      <line nr="629" mi="1" ci="0" mb="0" cb="0" />
      <line nr="630" mi="2" ci="0" mb="0" cb="0" />
      <line nr="633" mi="1" ci="0" mb="0" cb="0" />
      <line nr="634" mi="1" ci="0" mb="0" cb="0" />
      <line nr="635" mi="1" ci="0" mb="0" cb="0" />
      <line nr="636" mi="1" ci="0" mb="0" cb="0" />
      <line nr="637" mi="1" ci="0" mb="0" cb="0" />
      <line nr="638" mi="1" ci="0" mb="0" cb="0" />
      <line nr="640" mi="1" ci="0" mb="0" cb="0" />
      <line nr="641" mi="1" ci="0" mb="0" cb="0" />
      <line nr="642" mi="1" ci="0" mb="0" cb="0" />
      <line nr="643" mi="1" ci="0" mb="0" cb="0" />
      <line nr="644" mi="1" ci="0" mb="0" cb="0" />
      <line nr="645" mi="2" ci="0" mb="0" cb="0" />
      <line nr="646" mi="2" ci="0" mb="0" cb="0" />
      <line nr="649" mi="1" ci="0" mb="0" cb="0" />
      <line nr="650" mi="2" ci="0" mb="0" cb="0" />
      <line nr="654" mi="1" ci="0" mb="0" cb="0" />
      <line nr="655" mi="1" ci="0" mb="0" cb="0" />
      <line nr="656" mi="1" ci="0" mb="0" cb="0" />
      <line nr="657" mi="1" ci="0" mb="0" cb="0" />
      <line nr="658" mi="1" ci="0" mb="0" cb="0" />
      <line nr="663" mi="1" ci="0" mb="0" cb="0" />
      <line nr="664" mi="1" ci="0" mb="0" cb="0" />
      <line nr="665" mi="1" ci="0" mb="0" cb="0" />
      <line nr="666" mi="1" ci="0" mb="0" cb="0" />
      <line nr="667" mi="1" ci="0" mb="0" cb="0" />
      <line nr="668" mi="1" ci="0" mb="0" cb="0" />
      <line nr="670" mi="2" ci="0" mb="0" cb="0" />
      <line nr="674" mi="1" ci="0" mb="0" cb="0" />
      <line nr="675" mi="1" ci="0" mb="0" cb="0" />
      <line nr="678" mi="1" ci="0" mb="0" cb="0" />
      <line nr="679" mi="2" ci="0" mb="0" cb="0" />
      <line nr="682" mi="1" ci="0" mb="0" cb="0" />
      <line nr="683" mi="1" ci="0" mb="0" cb="0" />
      <line nr="684" mi="1" ci="0" mb="0" cb="0" />
      <line nr="687" mi="1" ci="0" mb="0" cb="0" />
      <line nr="688" mi="2" ci="0" mb="0" cb="0" />
      <line nr="693" mi="2" ci="0" mb="0" cb="0" />
      <line nr="697" mi="1" ci="0" mb="0" cb="0" />
      <line nr="698" mi="1" ci="0" mb="0" cb="0" />
      <line nr="699" mi="2" ci="0" mb="0" cb="0" />
      <line nr="701" mi="1" ci="0" mb="0" cb="0" />
      <line nr="702" mi="1" ci="0" mb="0" cb="0" />
      <line nr="703" mi="1" ci="0" mb="0" cb="0" />
      <line nr="706" mi="1" ci="0" mb="0" cb="0" />
      <line nr="707" mi="1" ci="0" mb="0" cb="0" />
      <line nr="708" mi="1" ci="0" mb="0" cb="0" />
      <line nr="709" mi="2" ci="0" mb="0" cb="0" />
      <line nr="712" mi="1" ci="0" mb="0" cb="0" />
      <line nr="713" mi="1" ci="0" mb="0" cb="0" />
      <line nr="716" mi="1" ci="0" mb="0" cb="0" />
      <line nr="717" mi="1" ci="0" mb="0" cb="0" />
      <line nr="718" mi="1" ci="0" mb="0" cb="0" />
      <line nr="719" mi="1" ci="0" mb="0" cb="0" />
      <line nr="722" mi="1" ci="0" mb="0" cb="0" />
      <line nr="723" mi="2" ci="0" mb="0" cb="0" />
      <line nr="726" mi="1" ci="0" mb="0" cb="0" />
      <line nr="727" mi="1" ci="0" mb="0" cb="0" />
      <line nr="728" mi="1" ci="0" mb="0" cb="0" />
      <line nr="731" mi="1" ci="0" mb="0" cb="0" />
      <line nr="732" mi="2" ci="0" mb="0" cb="0" />
      <line nr="738" mi="2" ci="0" mb="0" cb="0" />
      <line nr="741" mi="1" ci="0" mb="0" cb="0" />
      <line nr="742" mi="1" ci="0" mb="0" cb="0" />
      <line nr="743" mi="1" ci="0" mb="0" cb="0" />
      <line nr="744" mi="1" ci="0" mb="0" cb="0" />
      <line nr="745" mi="2" ci="0" mb="0" cb="0" />
      <line nr="747" mi="1" ci="0" mb="0" cb="0" />
      <line nr="750" mi="1" ci="0" mb="0" cb="0" />
      <line nr="751" mi="1" ci="0" mb="0" cb="0" />
      <line nr="752" mi="1" ci="0" mb="0" cb="0" />
      <line nr="753" mi="1" ci="0" mb="0" cb="0" />
      <line nr="754" mi="1" ci="0" mb="0" cb="0" />
      <line nr="756" mi="1" ci="0" mb="0" cb="0" />
      <line nr="757" mi="1" ci="0" mb="0" cb="0" />
      <line nr="758" mi="1" ci="0" mb="0" cb="0" />
      <line nr="759" mi="1" ci="0" mb="0" cb="0" />
      <line nr="760" mi="1" ci="0" mb="0" cb="0" />
      <line nr="761" mi="1" ci="0" mb="0" cb="0" />
      <line nr="762" mi="1" ci="0" mb="0" cb="0" />
      <line nr="763" mi="1" ci="0" mb="0" cb="0" />
      <line nr="764" mi="1" ci="0" mb="0" cb="0" />
      <line nr="765" mi="2" ci="0" mb="0" cb="0" />
      <line nr="770" mi="0" ci="1" mb="0" cb="0" />
      <line nr="780" mi="0" ci="2" mb="0" cb="0" />
      <line nr="782" mi="0" ci="2" mb="0" cb="0" />
      <line nr="785" mi="1" ci="1" mb="0" cb="0" />
      <line nr="788" mi="1" ci="1" mb="0" cb="0" />
      <line nr="789" mi="1" ci="1" mb="0" cb="0" />
      <line nr="790" mi="1" ci="1" mb="0" cb="0" />
      <line nr="791" mi="3" ci="1" mb="0" cb="0" />
      <line nr="794" mi="0" ci="1" mb="0" cb="0" />
      <line nr="795" mi="0" ci="1" mb="0" cb="0" />
      <line nr="798" mi="0" ci="1" mb="0" cb="0" />
      <line nr="799" mi="1" ci="0" mb="0" cb="0" />
      <line nr="800" mi="0" ci="1" mb="0" cb="0" />
      <line nr="801" mi="0" ci="1" mb="0" cb="0" />
      <line nr="802" mi="1" ci="0" mb="0" cb="0" />
      <line nr="804" mi="0" ci="1" mb="0" cb="0" />
      <line nr="810" mi="0" ci="1" mb="0" cb="0" />
      <line nr="812" mi="1" ci="1" mb="0" cb="0" />
      <line nr="813" mi="0" ci="1" mb="0" cb="0" />
      <line nr="817" mi="0" ci="1" mb="0" cb="0" />
      <line nr="818" mi="0" ci="1" mb="0" cb="0" />
      <line nr="819" mi="0" ci="1" mb="0" cb="0" />
      <line nr="820" mi="0" ci="1" mb="0" cb="0" />
      <line nr="821" mi="0" ci="1" mb="0" cb="0" />
      <line nr="823" mi="0" ci="2" mb="0" cb="0" />
      <line nr="826" mi="0" ci="1" mb="0" cb="0" />
      <line nr="830" mi="0" ci="3" mb="0" cb="0" />
      <line nr="831" mi="0" ci="1" mb="0" cb="0" />
      <line nr="832" mi="0" ci="3" mb="0" cb="0" />
      <line nr="833" mi="0" ci="1" mb="0" cb="0" />
      <line nr="834" mi="0" ci="1" mb="0" cb="0" />
      <line nr="835" mi="1" ci="0" mb="0" cb="0" />
      <line nr="837" mi="0" ci="2" mb="0" cb="0" />
      <line nr="839" mi="0" ci="3" mb="0" cb="0" />
      <line nr="842" mi="0" ci="1" mb="0" cb="0" />
      <line nr="846" mi="0" ci="1" mb="0" cb="0" />
      <line nr="847" mi="0" ci="1" mb="0" cb="0" />
      <line nr="848" mi="0" ci="3" mb="0" cb="0" />
      <line nr="849" mi="0" ci="1" mb="0" cb="0" />
      <line nr="853" mi="0" ci="2" mb="0" cb="0" />
      <line nr="856" mi="0" ci="1" mb="0" cb="0" />
      <line nr="862" mi="0" ci="2" mb="0" cb="0" />
      <line nr="867" mi="1" ci="1" mb="0" cb="0" />
      <line nr="871" mi="1" ci="1" mb="0" cb="0" />
      <line nr="872" mi="0" ci="1" mb="0" cb="0" />
      <line nr="873" mi="3" ci="0" mb="0" cb="0" />
      <line nr="874" mi="0" ci="1" mb="0" cb="0" />
      <line nr="875" mi="1" ci="0" mb="0" cb="0" />
      <line nr="876" mi="1" ci="0" mb="0" cb="0" />
      <line nr="877" mi="1" ci="0" mb="0" cb="0" />
      <line nr="878" mi="1" ci="0" mb="0" cb="0" />
      <line nr="879" mi="0" ci="1" mb="0" cb="0" />
      <line nr="882" mi="0" ci="1" mb="0" cb="0" />
      <line nr="884" mi="0" ci="2" mb="0" cb="0" />
      <line nr="888" mi="0" ci="2" mb="0" cb="0" />
      <line nr="891" mi="1" ci="1" mb="0" cb="0" />
      <line nr="893" mi="0" ci="1" mb="0" cb="0" />
      <line nr="895" mi="1" ci="1" mb="0" cb="0" />
      <line nr="896" mi="0" ci="2" mb="0" cb="0" />
      <line nr="897" mi="0" ci="1" mb="0" cb="0" />
      <line nr="898" mi="0" ci="3" mb="0" cb="0" />
      <line nr="899" mi="0" ci="2" mb="0" cb="0" />
      <line nr="901" mi="0" ci="2" mb="0" cb="0" />
      <line nr="902" mi="0" ci="1" mb="0" cb="0" />
      <line nr="903" mi="0" ci="2" mb="0" cb="0" />
      <line nr="904" mi="0" ci="1" mb="0" cb="0" />
      <line nr="905" mi="0" ci="1" mb="0" cb="0" />
      <line nr="907" mi="0" ci="1" mb="0" cb="0" />
      <line nr="908" mi="0" ci="1" mb="0" cb="0" />
      <line nr="910" mi="0" ci="1" mb="0" cb="0" />
      <line nr="911" mi="0" ci="2" mb="0" cb="0" />
      <line nr="912" mi="0" ci="6" mb="0" cb="0" />
      <line nr="914" mi="0" ci="2" mb="0" cb="0" />
      <line nr="917" mi="1" ci="0" mb="0" cb="0" />
      <line nr="922" mi="0" ci="1" mb="0" cb="0" />
      <line nr="927" mi="0" ci="1" mb="0" cb="0" />
      <line nr="934" mi="0" ci="2" mb="0" cb="0" />
      <line nr="937" mi="0" ci="3" mb="0" cb="0" />
      <line nr="938" mi="0" ci="1" mb="0" cb="0" />
      <line nr="939" mi="0" ci="1" mb="0" cb="0" />
      <line nr="940" mi="0" ci="3" mb="0" cb="0" />
[...]
      <line nr="1150" mi="1" ci="1" mb="0" cb="0" />
      <line nr="1153" mi="0" ci="1" mb="0" cb="0" />
      <line nr="1154" mi="0" ci="2" mb="0" cb="0" />
      <line nr="1155" mi="0" ci="1" mb="0" cb="0" />
      <line nr="1156" mi="0" ci="1" mb="0" cb="0" />
      <line nr="1159" mi="0" ci="1" mb="0" cb="0" />
      <line nr="1161" mi="0" ci="2" mb="0" cb="0" />
      <line nr="1163" mi="1" ci="0" mb="0" cb="0" />
      <line nr="1164" mi="1" ci="0" mb="0" cb="0" />
      <line nr="1167" mi="1" ci="0" mb="0" cb="0" />
      <line nr="1171" mi="0" ci="1" mb="0" cb="0" />
      <line nr="1173" mi="0" ci="1" mb="0" cb="0" />
      <line nr="1177" mi="1" ci="0" mb="0" cb="0" />
      <line nr="1180" mi="1" ci="0" mb="0" cb="0" />
      <line nr="1185" mi="0" ci="1" mb="0" cb="0" />
      <line nr="1186" mi="0" ci="1" mb="0" cb="0" />
      <line nr="1189" mi="1" ci="0" mb="0" cb="0" />
      <counter type="INSTRUCTION" missed="550" covered="285" />
      <counter type="LINE" missed="402" covered="214" />
      <counter type="METHOD" missed="5" covered="13" />
      <counter type="CLASS" missed="0" covered="1" />
    </sourcefile>
    <sourcefile name="PSmm/Public/New-CustomFileName.ps1">
      <line nr="52" mi="0" ci="1" mb="0" cb="0" />
      <line nr="67" mi="0" ci="1" mb="0" cb="0" />
      <line nr="72" mi="0" ci="1" mb="0" cb="0" />
      <line nr="75" mi="0" ci="1" mb="0" cb="0" />
      <line nr="76" mi="0" ci="2" mb="0" cb="0" />
      <line nr="77" mi="0" ci="1" mb="0" cb="0" />
      <line nr="78" mi="1" ci="2" mb="0" cb="0" />
      <line nr="81" mi="0" ci="1" mb="0" cb="0" />
      <line nr="82" mi="0" ci="2" mb="0" cb="0" />
      <line nr="83" mi="0" ci="1" mb="0" cb="0" />
      <line nr="84" mi="1" ci="1" mb="0" cb="0" />
      <line nr="88" mi="0" ci="1" mb="0" cb="0" />
      <line nr="89" mi="0" ci="1" mb="0" cb="0" />
      <line nr="90" mi="0" ci="1" mb="0" cb="0" />
      <line nr="91" mi="0" ci="1" mb="0" cb="0" />
      <line nr="92" mi="0" ci="1" mb="0" cb="0" />
      <line nr="93" mi="0" ci="1" mb="0" cb="0" />
      <line nr="94" mi="0" ci="1" mb="0" cb="0" />
      <line nr="95" mi="0" ci="1" mb="0" cb="0" />
      <line nr="96" mi="0" ci="1" mb="0" cb="0" />
      <line nr="100" mi="0" ci="1" mb="0" cb="0" />
      <line nr="101" mi="0" ci="1" mb="0" cb="0" />
      <line nr="102" mi="0" ci="1" mb="0" cb="0" />
      <line nr="103" mi="0" ci="1" mb="0" cb="0" />
      <line nr="104" mi="0" ci="1" mb="0" cb="0" />
      <line nr="107" mi="0" ci="1" mb="0" cb="0" />
      <line nr="110" mi="0" ci="1" mb="0" cb="0" />
      <line nr="111" mi="0" ci="1" mb="0" cb="0" />
      <line nr="114" mi="1" ci="0" mb="0" cb="0" />
      <line nr="115" mi="1" ci="0" mb="0" cb="0" />
      <counter type="INSTRUCTION" missed="4" covered="31" />
      <counter type="LINE" missed="2" covered="28" />
      <counter type="METHOD" missed="0" covered="2" />
      <counter type="CLASS" missed="0" covered="1" />
    </sourcefile>
    <sourcefile name="PSmm/Public/New-DirectoriesFromHashtable.ps1">
      <line nr="49" mi="0" ci="1" mb="0" cb="0" />
      <line nr="62" mi="0" ci="1" mb="0" cb="0" />
      <line nr="66" mi="0" ci="1" mb="0" cb="0" />
      <line nr="67" mi="0" ci="1" mb="0" cb="0" />
      <line nr="70" mi="0" ci="1" mb="0" cb="0" />
      <line nr="72" mi="0" ci="1" mb="0" cb="0" />
      <line nr="74" mi="0" ci="2" mb="0" cb="0" />
      <line nr="75" mi="0" ci="2" mb="0" cb="0" />
      <line nr="76" mi="0" ci="1" mb="0" cb="0" />
      <line nr="77" mi="0" ci="1" mb="0" cb="0" />
      <line nr="79" mi="0" ci="1" mb="0" cb="0" />
      <line nr="82" mi="1" ci="0" mb="0" cb="0" />
      <line nr="87" mi="0" ci="1" mb="0" cb="0" />
      <line nr="90" mi="0" ci="1" mb="0" cb="0" />
      <line nr="91" mi="0" ci="1" mb="0" cb="0" />
      <line nr="94" mi="0" ci="1" mb="0" cb="0" />
      <line nr="98" mi="0" ci="1" mb="0" cb="0" />
      <line nr="99" mi="0" ci="1" mb="0" cb="0" />
      <line nr="100" mi="0" ci="1" mb="0" cb="0" />
      <line nr="104" mi="0" ci="2" mb="0" cb="0" />
      <line nr="110" mi="0" ci="1" mb="0" cb="0" />
      <counter type="INSTRUCTION" missed="1" covered="23" />
      <counter type="LINE" missed="1" covered="20" />
      <counter type="METHOD" missed="0" covered="2" />
      <counter type="CLASS" missed="0" covered="1" />
    </sourcefile>
    <counter type="INSTRUCTION" missed="555" covered="339" />
    <counter type="LINE" missed="405" covered="262" />
    <counter type="METHOD" missed="5" covered="17" />
    <counter type="CLASS" missed="0" covered="3" />
  </package>
  <package name="Modules/PSmm/Public/Storage">
    <class name="Modules/PSmm/Public/Storage/Confirm-Storage" sourcefilename="PSmm/Public/Storage/Confirm-Storage.ps1">
      <method name="&lt;script&gt;" desc="()" line="2">
        <counter type="INSTRUCTION" missed="0" covered="1" />
        <counter type="LINE" missed="0" covered="1" />
        <counter type="METHOD" missed="0" covered="1" />
      </method>
      <method name="Confirm-Storage" desc="()" line="45">
        <counter type="INSTRUCTION" missed="39" covered="6" />
        <counter type="LINE" missed="35" covered="6" />
        <counter type="METHOD" missed="0" covered="1" />
      </method>
      <method name="Test-StorageDevice" desc="()" line="166">
        <counter type="INSTRUCTION" missed="9" covered="53" />
        <counter type="LINE" missed="9" covered="49" />
        <counter type="METHOD" missed="0" covered="1" />
      </method>
      <counter type="INSTRUCTION" missed="48" covered="60" />
      <counter type="LINE" missed="44" covered="56" />
      <counter type="METHOD" missed="0" covered="3" />
      <counter type="CLASS" missed="0" covered="1" />
    </class>
    <class name="Modules/PSmm/Public/Storage/Get-StorageDrive" sourcefilename="PSmm/Public/Storage/Get-StorageDrive.ps1">
      <method name="&lt;script&gt;" desc="()" line="47">
        <counter type="INSTRUCTION" missed="0" covered="1" />
        <counter type="LINE" missed="0" covered="1" />
        <counter type="METHOD" missed="0" covered="1" />
      </method>
      <method name="Get-StorageDrive" desc="()" line="56">
        <counter type="INSTRUCTION" missed="41" covered="26" />
        <counter type="LINE" missed="33" covered="21" />
        <counter type="METHOD" missed="0" covered="1" />
      </method>
      <counter type="INSTRUCTION" missed="41" covered="27" />
      <counter type="LINE" missed="33" covered="22" />
      <counter type="METHOD" missed="0" covered="2" />
      <counter type="CLASS" missed="0" covered="1" />
    </class>
    <class name="Modules/PSmm/Public/Storage/Show-StorageInfo" sourcefilename="PSmm/Public/Storage/Show-StorageInfo.ps1">
      <method name="&lt;script&gt;" desc="()" line="26">
        <counter type="INSTRUCTION" missed="0" covered="1" />
        <counter type="LINE" missed="0" covered="1" />
        <counter type="METHOD" missed="0" covered="1" />
      </method>
      <method name="Show-StorageInfo" desc="()" line="42">
        <counter type="INSTRUCTION" missed="1" covered="20" />
        <counter type="LINE" missed="1" covered="16" />
        <counter type="METHOD" missed="0" covered="1" />
      </method>
      <method name="Show-StorageDevice" desc="()" line="107">
        <counter type="INSTRUCTION" missed="0" covered="54" />
        <counter type="LINE" missed="0" covered="17" />
        <counter type="METHOD" missed="0" covered="1" />
      </method>
      <method name="Format-TwoColumn" desc="()" line="129">
        <counter type="INSTRUCTION" missed="5" covered="12" />
        <counter type="LINE" missed="5" covered="10" />
        <counter type="METHOD" missed="0" covered="1" />
      </method>
      <counter type="INSTRUCTION" missed="6" covered="87" />
      <counter type="LINE" missed="6" covered="44" />
      <counter type="METHOD" missed="0" covered="4" />
      <counter type="CLASS" missed="0" covered="1" />
    </class>
    <sourcefile name="PSmm/Public/Storage/Confirm-Storage.ps1">
      <line nr="2" mi="0" ci="1" mb="0" cb="0" />
      <line nr="45" mi="0" ci="1" mb="0" cb="0" />
      <line nr="48" mi="0" ci="1" mb="0" cb="0" />
      <line nr="51" mi="0" ci="1" mb="0" cb="0" />
      <line nr="52" mi="0" ci="1" mb="0" cb="0" />
      <line nr="54" mi="0" ci="1" mb="0" cb="0" />
      <line nr="55" mi="0" ci="1" mb="0" cb="0" />
      <line nr="59" mi="2" ci="0" mb="0" cb="0" />
      <line nr="60" mi="1" ci="0" mb="0" cb="0" />
      <line nr="63" mi="1" ci="0" mb="0" cb="0" />
      <line nr="64" mi="1" ci="0" mb="0" cb="0" />
      <line nr="65" mi="1" ci="0" mb="0" cb="0" />
      <line nr="66" mi="1" ci="0" mb="0" cb="0" />
      <line nr="67" mi="1" ci="0" mb="0" cb="0" />
      <line nr="68" mi="1" ci="0" mb="0" cb="0" />
      <line nr="69" mi="1" ci="0" mb="0" cb="0" />
      <line nr="70" mi="1" ci="0" mb="0" cb="0" />
      <line nr="72" mi="1" ci="0" mb="0" cb="0" />
      <line nr="74" mi="1" ci="0" mb="0" cb="0" />
      <line nr="78" mi="1" ci="0" mb="0" cb="0" />
      <line nr="79" mi="1" ci="0" mb="0" cb="0" />
      <line nr="82" mi="1" ci="0" mb="0" cb="0" />
      <line nr="83" mi="1" ci="0" mb="0" cb="0" />
      <line nr="87" mi="2" ci="0" mb="0" cb="0" />
      <line nr="88" mi="1" ci="0" mb="0" cb="0" />
      <line nr="90" mi="1" ci="0" mb="0" cb="0" />
      <line nr="91" mi="1" ci="0" mb="0" cb="0" />
      <line nr="92" mi="1" ci="0" mb="0" cb="0" />
      <line nr="93" mi="1" ci="0" mb="0" cb="0" />
      <line nr="94" mi="1" ci="0" mb="0" cb="0" />
      <line nr="95" mi="1" ci="0" mb="0" cb="0" />
      <line nr="96" mi="1" ci="0" mb="0" cb="0" />
      <line nr="97" mi="1" ci="0" mb="0" cb="0" />
      <line nr="99" mi="1" ci="0" mb="0" cb="0" />
      <line nr="101" mi="1" ci="0" mb="0" cb="0" />
      <line nr="108" mi="3" ci="0" mb="0" cb="0" />
      <line nr="109" mi="1" ci="0" mb="0" cb="0" />
      <line nr="110" mi="1" ci="0" mb="0" cb="0" />
      <line nr="114" mi="1" ci="0" mb="0" cb="0" />
      <line nr="118" mi="1" ci="0" mb="0" cb="0" />
      <line nr="119" mi="1" ci="0" mb="0" cb="0" />
      <line nr="125" mi="1" ci="0" mb="0" cb="0" />
      <line nr="166" mi="0" ci="1" mb="0" cb="0" />
      <line nr="167" mi="0" ci="1" mb="0" cb="0" />
      <line nr="168" mi="0" ci="1" mb="0" cb="0" />
      <line nr="169" mi="0" ci="1" mb="0" cb="0" />
      <line nr="171" mi="1" ci="0" mb="0" cb="0" />
      <line nr="173" mi="0" ci="1" mb="0" cb="0" />
      <line nr="175" mi="1" ci="0" mb="0" cb="0" />
      <line nr="177" mi="0" ci="1" mb="0" cb="0" />
      <line nr="179" mi="0" ci="1" mb="0" cb="0" />
      <line nr="183" mi="0" ci="1" mb="0" cb="0" />
      <line nr="184" mi="0" ci="1" mb="0" cb="0" />
      <line nr="187" mi="0" ci="1" mb="0" cb="0" />
      <line nr="191" mi="0" ci="1" mb="0" cb="0" />
      <line nr="192" mi="0" ci="1" mb="0" cb="0" />
      <line nr="193" mi="0" ci="1" mb="0" cb="0" />
      <line nr="199" mi="0" ci="2" mb="0" cb="0" />
      <line nr="200" mi="0" ci="1" mb="0" cb="0" />
      <line nr="202" mi="0" ci="1" mb="0" cb="0" />
      <line nr="204" mi="0" ci="1" mb="0" cb="0" />
      <line nr="206" mi="0" ci="1" mb="0" cb="0" />
      <line nr="208" mi="1" ci="0" mb="0" cb="0" />
      <line nr="210" mi="0" ci="1" mb="0" cb="0" />
      <line nr="212" mi="1" ci="0" mb="0" cb="0" />
      <line nr="216" mi="0" ci="1" mb="0" cb="0" />
      <line nr="217" mi="0" ci="1" mb="0" cb="0" />
      <line nr="219" mi="0" ci="1" mb="0" cb="0" />
      <line nr="220" mi="0" ci="2" mb="0" cb="0" />
      <line nr="221" mi="0" ci="1" mb="0" cb="0" />
      <line nr="222" mi="0" ci="1" mb="0" cb="0" />
      <line nr="224" mi="0" ci="1" mb="0" cb="0" />
      <line nr="225" mi="0" ci="2" mb="0" cb="0" />
      <line nr="226" mi="0" ci="1" mb="0" cb="0" />
      <line nr="227" mi="0" ci="1" mb="0" cb="0" />
      <line nr="231" mi="0" ci="2" mb="0" cb="0" />
      <line nr="232" mi="0" ci="1" mb="0" cb="0" />
      <line nr="233" mi="0" ci="1" mb="0" cb="0" />
      <line nr="237" mi="0" ci="1" mb="0" cb="0" />
      <line nr="238" mi="0" ci="1" mb="0" cb="0" />
      <line nr="241" mi="0" ci="1" mb="0" cb="0" />
      <line nr="244" mi="0" ci="1" mb="0" cb="0" />
      <line nr="247" mi="0" ci="1" mb="0" cb="0" />
      <line nr="248" mi="0" ci="1" mb="0" cb="0" />
      <line nr="249" mi="0" ci="1" mb="0" cb="0" />
      <line nr="252" mi="0" ci="1" mb="0" cb="0" />
      <line nr="255" mi="0" ci="1" mb="0" cb="0" />
      <line nr="256" mi="0" ci="1" mb="0" cb="0" />
      <line nr="261" mi="0" ci="1" mb="0" cb="0" />
      <line nr="263" mi="1" ci="0" mb="0" cb="0" />
      <line nr="265" mi="0" ci="1" mb="0" cb="0" />
      <line nr="267" mi="1" ci="0" mb="0" cb="0" />
      <line nr="271" mi="0" ci="1" mb="0" cb="0" />
      <line nr="272" mi="0" ci="1" mb="0" cb="0" />
      <line nr="274" mi="0" ci="1" mb="0" cb="0" />
      <line nr="275" mi="0" ci="1" mb="0" cb="0" />
      <line nr="276" mi="0" ci="1" mb="0" cb="0" />
      <line nr="278" mi="1" ci="0" mb="0" cb="0" />
      <line nr="279" mi="1" ci="0" mb="0" cb="0" />
      <line nr="280" mi="1" ci="0" mb="0" cb="0" />
      <counter type="INSTRUCTION" missed="48" covered="60" />
      <counter type="LINE" missed="44" covered="56" />
      <counter type="METHOD" missed="0" covered="3" />
      <counter type="CLASS" missed="0" covered="1" />
    </sourcefile>
    <sourcefile name="PSmm/Public/Storage/Get-StorageDrive.ps1">
      <line nr="47" mi="0" ci="1" mb="0" cb="0" />
      <line nr="56" mi="0" ci="2" mb="0" cb="0" />
      <line nr="57" mi="0" ci="1" mb="0" cb="0" />
      <line nr="58" mi="0" ci="1" mb="0" cb="0" />
      <line nr="64" mi="0" ci="1" mb="0" cb="0" />
      <line nr="65" mi="0" ci="1" mb="0" cb="0" />
      <line nr="69" mi="0" ci="1" mb="0" cb="0" />
      <line nr="70" mi="0" ci="1" mb="0" cb="0" />
      <line nr="71" mi="0" ci="1" mb="0" cb="0" />
      <line nr="72" mi="0" ci="1" mb="0" cb="0" />
      <line nr="73" mi="1" ci="1" mb="0" cb="0" />
      <line nr="75" mi="0" ci="2" mb="0" cb="0" />
      <line nr="77" mi="1" ci="0" mb="0" cb="0" />
      <line nr="78" mi="1" ci="0" mb="0" cb="0" />
      <line nr="81" mi="1" ci="0" mb="0" cb="0" />
      <line nr="82" mi="1" ci="0" mb="0" cb="0" />
      <line nr="87" mi="0" ci="1" mb="0" cb="0" />
      <line nr="88" mi="0" ci="1" mb="0" cb="0" />
      <line nr="89" mi="0" ci="1" mb="0" cb="0" />
      <line nr="91" mi="0" ci="4" mb="0" cb="0" />
      <line nr="92" mi="0" ci="1" mb="0" cb="0" />
      <line nr="93" mi="0" ci="1" mb="0" cb="0" />
      <line nr="94" mi="0" ci="1" mb="0" cb="0" />
      <line nr="95" mi="0" ci="1" mb="0" cb="0" />
      <line nr="96" mi="0" ci="1" mb="0" cb="0" />
      <line nr="97" mi="1" ci="0" mb="0" cb="0" />
      <line nr="98" mi="1" ci="0" mb="0" cb="0" />
      <line nr="100" mi="1" ci="0" mb="0" cb="0" />
      <line nr="101" mi="1" ci="0" mb="0" cb="0" />
      <line nr="102" mi="1" ci="0" mb="0" cb="0" />
      <line nr="103" mi="4" ci="0" mb="0" cb="0" />
      <line nr="104" mi="1" ci="0" mb="0" cb="0" />
      <line nr="105" mi="2" ci="0" mb="0" cb="0" />
      <line nr="106" mi="1" ci="0" mb="0" cb="0" />
      <line nr="107" mi="1" ci="0" mb="0" cb="0" />
      <line nr="108" mi="2" ci="0" mb="0" cb="0" />
      <line nr="109" mi="1" ci="0" mb="0" cb="0" />
      <line nr="110" mi="1" ci="0" mb="0" cb="0" />
      <line nr="111" mi="1" ci="0" mb="0" cb="0" />
      <line nr="112" mi="1" ci="0" mb="0" cb="0" />
      <line nr="113" mi="1" ci="0" mb="0" cb="0" />
      <line nr="114" mi="1" ci="0" mb="0" cb="0" />
      <line nr="115" mi="3" ci="0" mb="0" cb="0" />
      <line nr="116" mi="1" ci="0" mb="0" cb="0" />
      <line nr="117" mi="1" ci="0" mb="0" cb="0" />
      <line nr="118" mi="1" ci="0" mb="0" cb="0" />
      <line nr="119" mi="1" ci="0" mb="0" cb="0" />
      <line nr="120" mi="1" ci="0" mb="0" cb="0" />
      <line nr="121" mi="1" ci="0" mb="0" cb="0" />
      <line nr="122" mi="1" ci="0" mb="0" cb="0" />
      <line nr="123" mi="1" ci="0" mb="0" cb="0" />
      <line nr="124" mi="1" ci="0" mb="0" cb="0" />
      <line nr="125" mi="1" ci="0" mb="0" cb="0" />
      <line nr="126" mi="1" ci="0" mb="0" cb="0" />
      <line nr="135" mi="0" ci="1" mb="0" cb="0" />
      <counter type="INSTRUCTION" missed="41" covered="27" />
      <counter type="LINE" missed="33" covered="22" />
      <counter type="METHOD" missed="0" covered="2" />
      <counter type="CLASS" missed="0" covered="1" />
    </sourcefile>
    <sourcefile name="PSmm/Public/Storage/Show-StorageInfo.ps1">
      <line nr="26" mi="0" ci="1" mb="0" cb="0" />
      <line nr="42" mi="0" ci="1" mb="0" cb="0" />
      <line nr="45" mi="0" ci="3" mb="0" cb="0" />
      <line nr="48" mi="0" ci="2" mb="0" cb="0" />
      <line nr="49" mi="0" ci="1" mb="0" cb="0" />
      <line nr="52" mi="0" ci="1" mb="0" cb="0" />
      <line nr="53" mi="0" ci="1" mb="0" cb="0" />
      <line nr="54" mi="0" ci="1" mb="0" cb="0" />
      <line nr="60" mi="0" ci="1" mb="0" cb="0" />
      <line nr="61" mi="0" ci="1" mb="0" cb="0" />
      <line nr="63" mi="0" ci="1" mb="0" cb="0" />
      <line nr="64" mi="0" ci="1" mb="0" cb="0" />
      <line nr="67" mi="0" ci="1" mb="0" cb="0" />
      <line nr="68" mi="0" ci="2" mb="0" cb="0" />
      <line nr="69" mi="0" ci="1" mb="0" cb="0" />
      <line nr="70" mi="0" ci="1" mb="0" cb="0" />
      <line nr="79" mi="0" ci="1" mb="0" cb="0" />
      <line nr="82" mi="1" ci="0" mb="0" cb="0" />
      <line nr="107" mi="0" ci="1" mb="0" cb="0" />
      <line nr="110" mi="0" ci="1" mb="0" cb="0" />
      <line nr="111" mi="0" ci="3" mb="0" cb="0" />
      <line nr="114" mi="0" ci="1" mb="0" cb="0" />
      <line nr="115" mi="0" ci="1" mb="0" cb="0" />
      <line nr="116" mi="0" ci="2" mb="0" cb="0" />
      <line nr="117" mi="0" ci="1" mb="0" cb="0" />
      <line nr="118" mi="0" ci="1" mb="0" cb="0" />
      <line nr="122" mi="0" ci="1" mb="0" cb="0" />
      <line nr="123" mi="0" ci="1" mb="0" cb="0" />
      <line nr="129" mi="0" ci="1" mb="0" cb="0" />
      <line nr="130" mi="0" ci="1" mb="0" cb="0" />
      <line nr="131" mi="1" ci="0" mb="0" cb="0" />
      <line nr="133" mi="0" ci="1" mb="0" cb="0" />
      <line nr="134" mi="0" ci="1" mb="0" cb="0" />
      <line nr="135" mi="0" ci="1" mb="0" cb="0" />
      <line nr="136" mi="0" ci="1" mb="0" cb="0" />
      <line nr="137" mi="0" ci="3" mb="0" cb="0" />
      <line nr="138" mi="0" ci="1" mb="0" cb="0" />
      <line nr="139" mi="0" ci="1" mb="0" cb="0" />
      <line nr="140" mi="0" ci="1" mb="0" cb="0" />
      <line nr="142" mi="1" ci="0" mb="0" cb="0" />
      <line nr="143" mi="1" ci="0" mb="0" cb="0" />
      <line nr="144" mi="1" ci="0" mb="0" cb="0" />
      <line nr="145" mi="1" ci="0" mb="0" cb="0" />
      <line nr="150" mi="0" ci="1" mb="0" cb="0" />
      <line nr="151" mi="0" ci="4" mb="0" cb="0" />
      <line nr="152" mi="0" ci="7" mb="0" cb="0" />
      <line nr="153" mi="0" ci="8" mb="0" cb="0" />
      <line nr="154" mi="0" ci="13" mb="0" cb="0" />
      <line nr="155" mi="0" ci="7" mb="0" cb="0" />
      <line nr="157" mi="0" ci="1" mb="0" cb="0" />
      <counter type="INSTRUCTION" missed="6" covered="87" />
      <counter type="LINE" missed="6" covered="44" />
      <counter type="METHOD" missed="0" covered="4" />
      <counter type="CLASS" missed="0" covered="1" />
    </sourcefile>
    <counter type="INSTRUCTION" missed="95" covered="174" />
    <counter type="LINE" missed="83" covered="122" />
    <counter type="METHOD" missed="0" covered="9" />
    <counter type="CLASS" missed="0" covered="3" />
  </package>
  <counter type="INSTRUCTION" missed="830" covered="1303" />
  <counter type="LINE" missed="572" covered="970" />
  <counter type="METHOD" missed="5" covered="50" />
  <counter type="CLASS" missed="0" covered="15" />
</report>
